{
  "/Users/davest/Desktop/storefront-api/src/app.ts": {
    "path": "/Users/davest/Desktop/storefront-api/src/app.ts",
    "statementMap": {
      "0": { "start": { "line": 1, "column": 0 }, "end": { "line": 1, "column": 53 } },
      "1": { "start": { "line": 2, "column": 0 }, "end": { "line": 2, "column": 24 } },
      "2": { "start": { "line": 3, "column": 0 }, "end": { "line": 3, "column": 28 } },
      "3": { "start": { "line": 4, "column": 0 }, "end": { "line": 4, "column": 28 } },
      "4": { "start": { "line": 5, "column": 0 }, "end": { "line": 5, "column": 38 } },
      "5": { "start": { "line": 6, "column": 0 }, "end": { "line": 6, "column": 43 } },
      "6": { "start": { "line": 7, "column": 0 }, "end": { "line": 7, "column": 32 } },
      "7": { "start": { "line": 8, "column": 0 }, "end": { "line": 8, "column": 51 } },
      "8": { "start": { "line": 11, "column": 0 }, "end": { "line": 11, "column": 9 } },
      "9": { "start": { "line": 14, "column": 0 }, "end": { "line": 14, "column": 60 } },
      "10": { "start": { "line": 17, "column": 12 }, "end": { "line": 17, "column": 21 } },
      "11": { "start": { "line": 20, "column": 19 }, "end": { "line": 20, "column": 51 } },
      "12": { "start": { "line": 23, "column": 0 }, "end": { "line": 23, "column": 18 } },
      "13": { "start": { "line": 24, "column": 0 }, "end": { "line": 24, "column": 23 } },
      "14": { "start": { "line": 25, "column": 0 }, "end": { "line": 25, "column": 51 } },
      "15": { "start": { "line": 26, "column": 0 }, "end": { "line": 26, "column": 41 } },
      "16": { "start": { "line": 27, "column": 0 }, "end": { "line": 27, "column": 48 } },
      "17": { "start": { "line": 30, "column": 0 }, "end": { "line": 35, "column": 2 } },
      "18": { "start": { "line": 38, "column": 16 }, "end": { "line": 44, "column": 2 } },
      "19": { "start": { "line": 47, "column": 0 }, "end": { "line": 47, "column": 39 } },
      "20": { "start": { "line": 50, "column": 0 }, "end": { "line": 56, "column": 3 } },
      "21": { "start": { "line": 51, "column": 2 }, "end": { "line": 55, "column": 5 } },
      "22": { "start": { "line": 59, "column": 0 }, "end": { "line": 65, "column": 3 } },
      "23": { "start": { "line": 60, "column": 2 }, "end": { "line": 64, "column": 5 } },
      "24": { "start": { "line": 68, "column": 0 }, "end": { "line": 68, "column": 30 } },
      "25": { "start": { "line": 69, "column": 0 }, "end": { "line": 69, "column": 28 } },
      "26": { "start": { "line": 72, "column": 0 }, "end": { "line": 78, "column": 3 } },
      "27": { "start": { "line": 73, "column": 2 }, "end": { "line": 73, "column": 67 } },
      "28": { "start": { "line": 74, "column": 2 }, "end": { "line": 77, "column": 5 } },
      "29": { "start": { "line": 81, "column": 0 }, "end": { "line": 81, "column": 25 } },
      "30": { "start": { "line": 83, "column": 0 }, "end": { "line": 83, "column": 19 } }
    },
    "fnMap": {
      "0": {
        "name": "(anonymous_10)",
        "decl": { "start": { "line": 50, "column": 19 }, "end": { "line": 50, "column": 20 } },
        "loc": { "start": { "line": 50, "column": 52 }, "end": { "line": 56, "column": 1 } }
      },
      "1": {
        "name": "(anonymous_11)",
        "decl": { "start": { "line": 59, "column": 13 }, "end": { "line": 59, "column": 14 } },
        "loc": { "start": { "line": 59, "column": 46 }, "end": { "line": 65, "column": 1 } }
      },
      "2": {
        "name": "(anonymous_12)",
        "decl": { "start": { "line": 72, "column": 27 }, "end": { "line": 72, "column": 28 } },
        "loc": { "start": { "line": 72, "column": 59 }, "end": { "line": 78, "column": 1 } }
      }
    },
    "branchMap": {
      "0": {
        "loc": { "start": { "line": 20, "column": 19 }, "end": { "line": 20, "column": 51 } },
        "type": "binary-expr",
        "locations": [
          { "start": { "line": 20, "column": 19 }, "end": { "line": 20, "column": 41 } },
          { "start": { "line": 20, "column": 45 }, "end": { "line": 20, "column": 51 } }
        ]
      },
      "1": {
        "loc": { "start": { "line": 32, "column": 12 }, "end": { "line": 32, "column": 43 } },
        "type": "binary-expr",
        "locations": [
          { "start": { "line": 32, "column": 12 }, "end": { "line": 32, "column": 36 } },
          { "start": { "line": 32, "column": 40 }, "end": { "line": 32, "column": 43 } }
        ]
      }
    },
    "s": {
      "0": 2,
      "1": 2,
      "2": 2,
      "3": 2,
      "4": 2,
      "5": 2,
      "6": 2,
      "7": 2,
      "8": 2,
      "9": 2,
      "10": 2,
      "11": 2,
      "12": 2,
      "13": 2,
      "14": 2,
      "15": 2,
      "16": 2,
      "17": 2,
      "18": 2,
      "19": 2,
      "20": 2,
      "21": 0,
      "22": 2,
      "23": 0,
      "24": 2,
      "25": 2,
      "26": 2,
      "27": 0,
      "28": 0,
      "29": 2,
      "30": 2
    },
    "f": { "0": 0, "1": 0, "2": 0 },
    "b": { "0": [2, 0], "1": [2, 0] }
  },
  "/Users/davest/Desktop/storefront-api/src/server.ts": {
    "path": "/Users/davest/Desktop/storefront-api/src/server.ts",
    "statementMap": {
      "0": { "start": { "line": 1, "column": 0 }, "end": { "line": 1, "column": 32 } },
      "1": { "start": { "line": 2, "column": 0 }, "end": { "line": 2, "column": 24 } },
      "2": { "start": { "line": 3, "column": 0 }, "end": { "line": 3, "column": 36 } },
      "3": { "start": { "line": 4, "column": 0 }, "end": { "line": 4, "column": 46 } },
      "4": { "start": { "line": 7, "column": 0 }, "end": { "line": 7, "column": 9 } },
      "5": { "start": { "line": 10, "column": 13 }, "end": { "line": 10, "column": 37 } },
      "6": { "start": { "line": 14, "column": 2 }, "end": { "line": 20, "column": 3 } },
      "7": { "start": { "line": 15, "column": 4 }, "end": { "line": 15, "column": 37 } },
      "8": { "start": { "line": 16, "column": 4 }, "end": { "line": 16, "column": 51 } },
      "9": { "start": { "line": 18, "column": 4 }, "end": { "line": 18, "column": 65 } },
      "10": { "start": { "line": 19, "column": 4 }, "end": { "line": 19, "column": 20 } },
      "11": { "start": { "line": 25, "column": 2 }, "end": { "line": 76, "column": 3 } },
      "12": { "start": { "line": 27, "column": 4 }, "end": { "line": 27, "column": 31 } },
      "13": { "start": { "line": 30, "column": 19 }, "end": { "line": 35, "column": 6 } },
      "14": { "start": { "line": 31, "column": 6 }, "end": { "line": 33, "column": 8 } },
      "15": { "start": { "line": 34, "column": 6 }, "end": { "line": 34, "column": 79 } },
      "16": { "start": { "line": 38, "column": 4 }, "end": { "line": 49, "column": 7 } },
      "17": { "start": { "line": 39, "column": 6 }, "end": { "line": 39, "column": 66 } },
      "18": { "start": { "line": 40, "column": 6 }, "end": { "line": 48, "column": 9 } },
      "19": { "start": { "line": 41, "column": 8 }, "end": { "line": 41, "column": 42 } },
      "20": { "start": { "line": 44, "column": 8 }, "end": { "line": 44, "column": 38 } },
      "21": { "start": { "line": 45, "column": 8 }, "end": { "line": 45, "column": 50 } },
      "22": { "start": { "line": 47, "column": 8 }, "end": { "line": 47, "column": 24 } },
      "23": { "start": { "line": 51, "column": 4 }, "end": { "line": 62, "column": 7 } },
      "24": { "start": { "line": 52, "column": 6 }, "end": { "line": 52, "column": 65 } },
      "25": { "start": { "line": 53, "column": 6 }, "end": { "line": 61, "column": 9 } },
      "26": { "start": { "line": 54, "column": 8 }, "end": { "line": 54, "column": 42 } },
      "27": { "start": { "line": 57, "column": 8 }, "end": { "line": 57, "column": 38 } },
      "28": { "start": { "line": 58, "column": 8 }, "end": { "line": 58, "column": 50 } },
      "29": { "start": { "line": 60, "column": 8 }, "end": { "line": 60, "column": 24 } },
      "30": { "start": { "line": 65, "column": 4 }, "end": { "line": 70, "column": 7 } },
      "31": { "start": { "line": 66, "column": 6 }, "end": { "line": 66, "column": 65 } },
      "32": { "start": { "line": 67, "column": 6 }, "end": { "line": 69, "column": 9 } },
      "33": { "start": { "line": 68, "column": 8 }, "end": { "line": 68, "column": 24 } },
      "34": { "start": { "line": 72, "column": 4 }, "end": { "line": 72, "column": 18 } },
      "35": { "start": { "line": 74, "column": 4 }, "end": { "line": 74, "column": 51 } },
      "36": { "start": { "line": 75, "column": 4 }, "end": { "line": 75, "column": 20 } },
      "37": { "start": { "line": 80, "column": 0 }, "end": { "line": 85, "column": 1 } },
      "38": { "start": { "line": 81, "column": 2 }, "end": { "line": 84, "column": 5 } },
      "39": { "start": { "line": 82, "column": 4 }, "end": { "line": 82, "column": 50 } },
      "40": { "start": { "line": 83, "column": 4 }, "end": { "line": 83, "column": 20 } },
      "41": { "start": { "line": 87, "column": 0 }, "end": { "line": 87, "column": 27 } }
    },
    "fnMap": {
      "0": {
        "name": "initializeDatabase",
        "decl": { "start": { "line": 13, "column": 15 }, "end": { "line": 13, "column": 33 } },
        "loc": { "start": { "line": 13, "column": 33 }, "end": { "line": 21, "column": 1 } }
      },
      "1": {
        "name": "startServer",
        "decl": { "start": { "line": 24, "column": 15 }, "end": { "line": 24, "column": 26 } },
        "loc": { "start": { "line": 24, "column": 26 }, "end": { "line": 77, "column": 1 } }
      },
      "2": {
        "name": "(anonymous_3)",
        "decl": { "start": { "line": 30, "column": 36 }, "end": { "line": 30, "column": 39 } },
        "loc": { "start": { "line": 30, "column": 41 }, "end": { "line": 35, "column": 5 } }
      },
      "3": {
        "name": "(anonymous_4)",
        "decl": { "start": { "line": 38, "column": 26 }, "end": { "line": 38, "column": 29 } },
        "loc": { "start": { "line": 38, "column": 31 }, "end": { "line": 49, "column": 5 } }
      },
      "4": {
        "name": "(anonymous_5)",
        "decl": { "start": { "line": 40, "column": 19 }, "end": { "line": 40, "column": 24 } },
        "loc": { "start": { "line": 40, "column": 30 }, "end": { "line": 48, "column": 7 } }
      },
      "5": {
        "name": "(anonymous_6)",
        "decl": { "start": { "line": 51, "column": 25 }, "end": { "line": 51, "column": 28 } },
        "loc": { "start": { "line": 51, "column": 30 }, "end": { "line": 62, "column": 5 } }
      },
      "6": {
        "name": "(anonymous_7)",
        "decl": { "start": { "line": 53, "column": 19 }, "end": { "line": 53, "column": 24 } },
        "loc": { "start": { "line": 53, "column": 30 }, "end": { "line": 61, "column": 7 } }
      },
      "7": {
        "name": "(anonymous_8)",
        "decl": { "start": { "line": 65, "column": 37 }, "end": { "line": 65, "column": 38 } },
        "loc": { "start": { "line": 65, "column": 45 }, "end": { "line": 70, "column": 5 } }
      },
      "8": {
        "name": "(anonymous_9)",
        "decl": { "start": { "line": 67, "column": 19 }, "end": { "line": 67, "column": 22 } },
        "loc": { "start": { "line": 67, "column": 24 }, "end": { "line": 69, "column": 7 } }
      },
      "9": {
        "name": "(anonymous_10)",
        "decl": { "start": { "line": 81, "column": 22 }, "end": { "line": 81, "column": 23 } },
        "loc": { "start": { "line": 81, "column": 32 }, "end": { "line": 84, "column": 3 } }
      }
    },
    "branchMap": {
      "0": {
        "loc": { "start": { "line": 10, "column": 13 }, "end": { "line": 10, "column": 37 } },
        "type": "binary-expr",
        "locations": [
          { "start": { "line": 10, "column": 13 }, "end": { "line": 10, "column": 29 } },
          { "start": { "line": 10, "column": 33 }, "end": { "line": 10, "column": 37 } }
        ]
      },
      "1": {
        "loc": { "start": { "line": 32, "column": 45 }, "end": { "line": 32, "column": 82 } },
        "type": "binary-expr",
        "locations": [
          { "start": { "line": 32, "column": 45 }, "end": { "line": 32, "column": 65 } },
          { "start": { "line": 32, "column": 69 }, "end": { "line": 32, "column": 82 } }
        ]
      },
      "2": {
        "loc": { "start": { "line": 80, "column": 0 }, "end": { "line": 85, "column": 1 } },
        "type": "if",
        "locations": [{ "start": { "line": 80, "column": 0 }, "end": { "line": 85, "column": 1 } }]
      }
    },
    "s": {
      "0": 0,
      "1": 0,
      "2": 0,
      "3": 0,
      "4": 0,
      "5": 0,
      "6": 0,
      "7": 0,
      "8": 0,
      "9": 0,
      "10": 0,
      "11": 0,
      "12": 0,
      "13": 0,
      "14": 0,
      "15": 0,
      "16": 0,
      "17": 0,
      "18": 0,
      "19": 0,
      "20": 0,
      "21": 0,
      "22": 0,
      "23": 0,
      "24": 0,
      "25": 0,
      "26": 0,
      "27": 0,
      "28": 0,
      "29": 0,
      "30": 0,
      "31": 0,
      "32": 0,
      "33": 0,
      "34": 0,
      "35": 0,
      "36": 0,
      "37": 0,
      "38": 0,
      "39": 0,
      "40": 0,
      "41": 0
    },
    "f": { "0": 0, "1": 0, "2": 0, "3": 0, "4": 0, "5": 0, "6": 0, "7": 0, "8": 0, "9": 0 },
    "b": { "0": [0, 0], "1": [0, 0], "2": [0] }
  },
  "/Users/davest/Desktop/storefront-api/src/config/database.ts": {
    "path": "/Users/davest/Desktop/storefront-api/src/config/database.ts",
    "statementMap": {
      "0": { "start": { "line": 1, "column": 0 }, "end": { "line": 1, "column": 56 } },
      "1": { "start": { "line": 2, "column": 0 }, "end": { "line": 2, "column": 32 } },
      "2": { "start": { "line": 3, "column": 0 }, "end": { "line": 3, "column": 24 } },
      "3": { "start": { "line": 6, "column": 0 }, "end": { "line": 6, "column": 9 } },
      "4": { "start": { "line": 8, "column": 13 }, "end": { "line": 31, "column": 2 } },
      "5": { "start": { "line": 34, "column": 22 }, "end": { "line": 34, "column": 55 } },
      "6": { "start": { "line": 35, "column": 0 }, "end": { "line": 35, "column": 29 } }
    },
    "fnMap": {},
    "branchMap": {
      "0": {
        "loc": { "start": { "line": 10, "column": 8 }, "end": { "line": 10, "column": 42 } },
        "type": "binary-expr",
        "locations": [
          { "start": { "line": 10, "column": 8 }, "end": { "line": 10, "column": 27 } },
          { "start": { "line": 10, "column": 31 }, "end": { "line": 10, "column": 42 } }
        ]
      },
      "1": {
        "loc": { "start": { "line": 11, "column": 17 }, "end": { "line": 11, "column": 46 } },
        "type": "binary-expr",
        "locations": [
          { "start": { "line": 11, "column": 17 }, "end": { "line": 11, "column": 36 } },
          { "start": { "line": 11, "column": 40 }, "end": { "line": 11, "column": 46 } }
        ]
      },
      "2": {
        "loc": { "start": { "line": 12, "column": 12 }, "end": { "line": 12, "column": 49 } },
        "type": "binary-expr",
        "locations": [
          { "start": { "line": 12, "column": 12 }, "end": { "line": 12, "column": 35 } },
          { "start": { "line": 12, "column": 39 }, "end": { "line": 12, "column": 49 } }
        ]
      },
      "3": {
        "loc": { "start": { "line": 13, "column": 12 }, "end": { "line": 13, "column": 49 } },
        "type": "binary-expr",
        "locations": [
          { "start": { "line": 13, "column": 12 }, "end": { "line": 13, "column": 35 } },
          { "start": { "line": 13, "column": 39 }, "end": { "line": 13, "column": 49 } }
        ]
      },
      "4": {
        "loc": { "start": { "line": 14, "column": 12 }, "end": { "line": 14, "column": 51 } },
        "type": "binary-expr",
        "locations": [
          { "start": { "line": 14, "column": 12 }, "end": { "line": 14, "column": 35 } },
          { "start": { "line": 14, "column": 39 }, "end": { "line": 14, "column": 51 } }
        ]
      },
      "5": {
        "loc": { "start": { "line": 19, "column": 7 }, "end": { "line": 19, "column": 84 } },
        "type": "cond-expr",
        "locations": [
          { "start": { "line": 19, "column": 47 }, "end": { "line": 19, "column": 76 } },
          { "start": { "line": 19, "column": 79 }, "end": { "line": 19, "column": 84 } }
        ]
      }
    },
    "s": { "0": 3, "1": 3, "2": 3, "3": 3, "4": 3, "5": 3, "6": 3 },
    "f": {},
    "b": { "0": [3, 0], "1": [3, 0], "2": [3, 0], "3": [3, 0], "4": [3, 0], "5": [0, 3] }
  },
  "/Users/davest/Desktop/storefront-api/src/config/test-database.ts": {
    "path": "/Users/davest/Desktop/storefront-api/src/config/test-database.ts",
    "statementMap": {
      "0": { "start": { "line": 1, "column": 0 }, "end": { "line": 1, "column": 37 } },
      "1": { "start": { "line": 2, "column": 0 }, "end": { "line": 2, "column": 32 } },
      "2": { "start": { "line": 3, "column": 0 }, "end": { "line": 3, "column": 47 } },
      "3": { "start": { "line": 4, "column": 0 }, "end": { "line": 4, "column": 53 } },
      "4": { "start": { "line": 5, "column": 0 }, "end": { "line": 5, "column": 49 } },
      "5": { "start": { "line": 6, "column": 0 }, "end": { "line": 6, "column": 64 } },
      "6": { "start": { "line": 7, "column": 0 }, "end": { "line": 7, "column": 53 } },
      "7": { "start": { "line": 10, "column": 0 }, "end": { "line": 10, "column": 30 } },
      "8": { "start": { "line": 13, "column": 23 }, "end": { "line": 23, "column": 2 } },
      "9": { "start": { "line": 25, "column": 0 }, "end": { "line": 25, "column": 30 } }
    },
    "fnMap": {},
    "branchMap": {
      "0": {
        "loc": { "start": { "line": 15, "column": 8 }, "end": { "line": 15, "column": 42 } },
        "type": "binary-expr",
        "locations": [
          { "start": { "line": 15, "column": 8 }, "end": { "line": 15, "column": 27 } },
          { "start": { "line": 15, "column": 31 }, "end": { "line": 15, "column": 42 } }
        ]
      },
      "1": {
        "loc": { "start": { "line": 16, "column": 17 }, "end": { "line": 16, "column": 46 } },
        "type": "binary-expr",
        "locations": [
          { "start": { "line": 16, "column": 17 }, "end": { "line": 16, "column": 36 } },
          { "start": { "line": 16, "column": 40 }, "end": { "line": 16, "column": 46 } }
        ]
      },
      "2": {
        "loc": { "start": { "line": 17, "column": 12 }, "end": { "line": 17, "column": 49 } },
        "type": "binary-expr",
        "locations": [
          { "start": { "line": 17, "column": 12 }, "end": { "line": 17, "column": 35 } },
          { "start": { "line": 17, "column": 39 }, "end": { "line": 17, "column": 49 } }
        ]
      },
      "3": {
        "loc": { "start": { "line": 18, "column": 12 }, "end": { "line": 18, "column": 49 } },
        "type": "binary-expr",
        "locations": [
          { "start": { "line": 18, "column": 12 }, "end": { "line": 18, "column": 35 } },
          { "start": { "line": 18, "column": 39 }, "end": { "line": 18, "column": 49 } }
        ]
      },
      "4": {
        "loc": { "start": { "line": 19, "column": 12 }, "end": { "line": 19, "column": 56 } },
        "type": "binary-expr",
        "locations": [
          { "start": { "line": 19, "column": 12 }, "end": { "line": 19, "column": 35 } },
          { "start": { "line": 19, "column": 39 }, "end": { "line": 19, "column": 56 } }
        ]
      }
    },
    "s": { "0": 2, "1": 2, "2": 2, "3": 2, "4": 2, "5": 2, "6": 2, "7": 2, "8": 2, "9": 2 },
    "f": {},
    "b": { "0": [2, 0], "1": [2, 0], "2": [2, 0], "3": [2, 0], "4": [2, 0] }
  },
  "/Users/davest/Desktop/storefront-api/src/controllers/auth.controller.ts": {
    "path": "/Users/davest/Desktop/storefront-api/src/controllers/auth.controller.ts",
    "statementMap": {
      "0": { "start": { "line": 2, "column": 0 }, "end": { "line": 2, "column": 65 } },
      "1": { "start": { "line": 3, "column": 0 }, "end": { "line": 3, "column": 72 } },
      "2": { "start": { "line": 4, "column": 0 }, "end": { "line": 4, "column": 51 } },
      "3": { "start": { "line": 5, "column": 0 }, "end": { "line": 5, "column": 58 } },
      "4": { "start": { "line": 6, "column": 0 }, "end": { "line": 6, "column": 37 } },
      "5": { "start": { "line": 7, "column": 0 }, "end": { "line": 7, "column": 47 } },
      "6": { "start": { "line": 8, "column": 0 }, "end": { "line": 8, "column": 43 } },
      "7": { "start": { "line": 15, "column": 22 }, "end": { "line": 64, "column": 1 } },
      "8": { "start": { "line": 16, "column": 2 }, "end": { "line": 63, "column": 3 } },
      "9": { "start": { "line": 17, "column": 53 }, "end": { "line": 17, "column": 61 } },
      "10": { "start": { "line": 20, "column": 25 }, "end": { "line": 20, "column": 64 } },
      "11": { "start": { "line": 21, "column": 4 }, "end": { "line": 23, "column": 5 } },
      "12": { "start": { "line": 22, "column": 6 }, "end": { "line": 22, "column": 61 } },
      "13": { "start": { "line": 26, "column": 17 }, "end": { "line": 26, "column": 27 } },
      "14": { "start": { "line": 27, "column": 4 }, "end": { "line": 27, "column": 31 } },
      "15": { "start": { "line": 28, "column": 4 }, "end": { "line": 28, "column": 29 } },
      "16": { "start": { "line": 29, "column": 4 }, "end": { "line": 29, "column": 23 } },
      "17": { "start": { "line": 32, "column": 4 }, "end": { "line": 32, "column": 55 } },
      "18": { "start": { "line": 35, "column": 19 }, "end": { "line": 35, "column": 39 } },
      "19": { "start": { "line": 36, "column": 4 }, "end": { "line": 41, "column": 5 } },
      "20": { "start": { "line": 37, "column": 28 }, "end": { "line": 39, "column": 19 } },
      "21": { "start": { "line": 38, "column": 24 }, "end": { "line": 38, "column": 73 } },
      "22": { "start": { "line": 40, "column": 6 }, "end": { "line": 40, "column": 76 } },
      "23": { "start": { "line": 44, "column": 4 }, "end": { "line": 44, "column": 36 } },
      "24": { "start": { "line": 47, "column": 18 }, "end": { "line": 47, "column": 37 } },
      "25": { "start": { "line": 50, "column": 72 }, "end": { "line": 50, "column": 76 } },
      "26": { "start": { "line": 53, "column": 4 }, "end": { "line": 59, "column": 7 } },
      "27": { "start": { "line": 61, "column": 4 }, "end": { "line": 61, "column": 44 } },
      "28": { "start": { "line": 62, "column": 4 }, "end": { "line": 62, "column": 16 } },
      "29": { "start": { "line": 15, "column": 13 }, "end": { "line": 15, "column": 22 } },
      "30": { "start": { "line": 71, "column": 21 }, "end": { "line": 105, "column": 1 } },
      "31": { "start": { "line": 72, "column": 2 }, "end": { "line": 104, "column": 3 } },
      "32": { "start": { "line": 73, "column": 32 }, "end": { "line": 73, "column": 40 } },
      "33": { "start": { "line": 76, "column": 4 }, "end": { "line": 78, "column": 5 } },
      "34": { "start": { "line": 77, "column": 6 }, "end": { "line": 77, "column": 74 } },
      "35": { "start": { "line": 81, "column": 17 }, "end": { "line": 81, "column": 68 } },
      "36": { "start": { "line": 83, "column": 4 }, "end": { "line": 85, "column": 5 } },
      "37": { "start": { "line": 84, "column": 6 }, "end": { "line": 84, "column": 68 } },
      "38": { "start": { "line": 88, "column": 18 }, "end": { "line": 88, "column": 37 } },
      "39": { "start": { "line": 91, "column": 72 }, "end": { "line": 91, "column": 76 } },
      "40": { "start": { "line": 94, "column": 4 }, "end": { "line": 100, "column": 7 } },
      "41": { "start": { "line": 102, "column": 4 }, "end": { "line": 102, "column": 43 } },
      "42": { "start": { "line": 103, "column": 4 }, "end": { "line": 103, "column": 16 } },
      "43": { "start": { "line": 71, "column": 13 }, "end": { "line": 71, "column": 21 } },
      "44": { "start": { "line": 112, "column": 22 }, "end": { "line": 122, "column": 1 } },
      "45": { "start": { "line": 114, "column": 2 }, "end": { "line": 116, "column": 3 } },
      "46": { "start": { "line": 115, "column": 4 }, "end": { "line": 115, "column": 27 } },
      "47": { "start": { "line": 118, "column": 2 }, "end": { "line": 121, "column": 5 } },
      "48": { "start": { "line": 112, "column": 13 }, "end": { "line": 112, "column": 22 } },
      "49": { "start": { "line": 129, "column": 30 }, "end": { "line": 152, "column": 1 } },
      "50": { "start": { "line": 134, "column": 2 }, "end": { "line": 151, "column": 3 } },
      "51": { "start": { "line": 136, "column": 17 }, "end": { "line": 136, "column": 25 } },
      "52": { "start": { "line": 138, "column": 4 }, "end": { "line": 140, "column": 5 } },
      "53": { "start": { "line": 139, "column": 6 }, "end": { "line": 139, "column": 55 } },
      "54": { "start": { "line": 142, "column": 4 }, "end": { "line": 147, "column": 7 } },
      "55": { "start": { "line": 149, "column": 4 }, "end": { "line": 149, "column": 55 } },
      "56": { "start": { "line": 150, "column": 4 }, "end": { "line": 150, "column": 16 } },
      "57": { "start": { "line": 129, "column": 13 }, "end": { "line": 129, "column": 30 } },
      "58": { "start": { "line": 159, "column": 30 }, "end": { "line": 196, "column": 1 } },
      "59": { "start": { "line": 164, "column": 2 }, "end": { "line": 195, "column": 3 } },
      "60": { "start": { "line": 165, "column": 45 }, "end": { "line": 165, "column": 53 } },
      "61": { "start": { "line": 168, "column": 17 }, "end": { "line": 168, "column": 87 } },
      "62": { "start": { "line": 170, "column": 4 }, "end": { "line": 172, "column": 5 } },
      "63": { "start": { "line": 171, "column": 6 }, "end": { "line": 171, "column": 55 } },
      "64": { "start": { "line": 175, "column": 4 }, "end": { "line": 177, "column": 5 } },
      "65": { "start": { "line": 176, "column": 6 }, "end": { "line": 176, "column": 70 } },
      "66": { "start": { "line": 180, "column": 4 }, "end": { "line": 180, "column": 58 } },
      "67": { "start": { "line": 181, "column": 4 }, "end": { "line": 181, "column": 36 } },
      "68": { "start": { "line": 184, "column": 18 }, "end": { "line": 184, "column": 37 } },
      "69": { "start": { "line": 187, "column": 4 }, "end": { "line": 191, "column": 7 } },
      "70": { "start": { "line": 193, "column": 4 }, "end": { "line": 193, "column": 52 } },
      "71": { "start": { "line": 194, "column": 4 }, "end": { "line": 194, "column": 16 } },
      "72": { "start": { "line": 159, "column": 13 }, "end": { "line": 159, "column": 30 } }
    },
    "fnMap": {
      "0": {
        "name": "(anonymous_1)",
        "decl": { "start": { "line": 15, "column": 22 }, "end": { "line": 15, "column": 27 } },
        "loc": { "start": { "line": 15, "column": 95 }, "end": { "line": 64, "column": 1 } }
      },
      "1": {
        "name": "(anonymous_2)",
        "decl": { "start": { "line": 38, "column": 13 }, "end": { "line": 38, "column": 14 } },
        "loc": { "start": { "line": 38, "column": 24 }, "end": { "line": 38, "column": 73 } }
      },
      "2": {
        "name": "(anonymous_3)",
        "decl": { "start": { "line": 71, "column": 21 }, "end": { "line": 71, "column": 26 } },
        "loc": { "start": { "line": 71, "column": 94 }, "end": { "line": 105, "column": 1 } }
      },
      "3": {
        "name": "(anonymous_4)",
        "decl": { "start": { "line": 112, "column": 22 }, "end": { "line": 112, "column": 23 } },
        "loc": { "start": { "line": 112, "column": 61 }, "end": { "line": 122, "column": 1 } }
      },
      "4": {
        "name": "(anonymous_5)",
        "decl": { "start": { "line": 129, "column": 30 }, "end": { "line": 129, "column": 35 } },
        "loc": { "start": { "line": 133, "column": 19 }, "end": { "line": 152, "column": 1 } }
      },
      "5": {
        "name": "(anonymous_6)",
        "decl": { "start": { "line": 159, "column": 30 }, "end": { "line": 159, "column": 35 } },
        "loc": { "start": { "line": 163, "column": 19 }, "end": { "line": 196, "column": 1 } }
      }
    },
    "branchMap": {
      "0": {
        "loc": { "start": { "line": 21, "column": 4 }, "end": { "line": 23, "column": 5 } },
        "type": "if",
        "locations": [{ "start": { "line": 21, "column": 4 }, "end": { "line": 23, "column": 5 } }]
      },
      "1": {
        "loc": { "start": { "line": 36, "column": 4 }, "end": { "line": 41, "column": 5 } },
        "type": "if",
        "locations": [{ "start": { "line": 36, "column": 4 }, "end": { "line": 41, "column": 5 } }]
      },
      "2": {
        "loc": { "start": { "line": 38, "column": 38 }, "end": { "line": 38, "column": 61 } },
        "type": "binary-expr",
        "locations": [
          { "start": { "line": 38, "column": 38 }, "end": { "line": 38, "column": 55 } },
          { "start": { "line": 38, "column": 59 }, "end": { "line": 38, "column": 61 } }
        ]
      },
      "3": {
        "loc": { "start": { "line": 76, "column": 4 }, "end": { "line": 78, "column": 5 } },
        "type": "if",
        "locations": [{ "start": { "line": 76, "column": 4 }, "end": { "line": 78, "column": 5 } }]
      },
      "4": {
        "loc": { "start": { "line": 76, "column": 8 }, "end": { "line": 76, "column": 27 } },
        "type": "binary-expr",
        "locations": [
          { "start": { "line": 76, "column": 8 }, "end": { "line": 76, "column": 14 } },
          { "start": { "line": 76, "column": 18 }, "end": { "line": 76, "column": 27 } }
        ]
      },
      "5": {
        "loc": { "start": { "line": 83, "column": 4 }, "end": { "line": 85, "column": 5 } },
        "type": "if",
        "locations": [{ "start": { "line": 83, "column": 4 }, "end": { "line": 85, "column": 5 } }]
      },
      "6": {
        "loc": { "start": { "line": 83, "column": 8 }, "end": { "line": 83, "column": 72 } },
        "type": "binary-expr",
        "locations": [
          { "start": { "line": 83, "column": 8 }, "end": { "line": 83, "column": 13 } },
          { "start": { "line": 83, "column": 17 }, "end": { "line": 83, "column": 72 } }
        ]
      },
      "7": {
        "loc": { "start": { "line": 114, "column": 2 }, "end": { "line": 116, "column": 3 } },
        "type": "if",
        "locations": [
          { "start": { "line": 114, "column": 2 }, "end": { "line": 116, "column": 3 } }
        ]
      },
      "8": {
        "loc": { "start": { "line": 138, "column": 4 }, "end": { "line": 140, "column": 5 } },
        "type": "if",
        "locations": [
          { "start": { "line": 138, "column": 4 }, "end": { "line": 140, "column": 5 } }
        ]
      },
      "9": {
        "loc": { "start": { "line": 170, "column": 4 }, "end": { "line": 172, "column": 5 } },
        "type": "if",
        "locations": [
          { "start": { "line": 170, "column": 4 }, "end": { "line": 172, "column": 5 } }
        ]
      },
      "10": {
        "loc": { "start": { "line": 175, "column": 4 }, "end": { "line": 177, "column": 5 } },
        "type": "if",
        "locations": [
          { "start": { "line": 175, "column": 4 }, "end": { "line": 177, "column": 5 } }
        ]
      }
    },
    "s": {
      "0": 3,
      "1": 3,
      "2": 3,
      "3": 3,
      "4": 3,
      "5": 3,
      "6": 3,
      "7": 3,
      "8": 6,
      "9": 6,
      "10": 6,
      "11": 2,
      "12": 1,
      "13": 1,
      "14": 1,
      "15": 1,
      "16": 1,
      "17": 1,
      "18": 1,
      "19": 1,
      "20": 0,
      "21": 0,
      "22": 0,
      "23": 1,
      "24": 1,
      "25": 1,
      "26": 1,
      "27": 4,
      "28": 4,
      "29": 3,
      "30": 3,
      "31": 9,
      "32": 9,
      "33": 9,
      "34": 0,
      "35": 9,
      "36": 3,
      "37": 2,
      "38": 1,
      "39": 1,
      "40": 1,
      "41": 6,
      "42": 6,
      "43": 3,
      "44": 3,
      "45": 0,
      "46": 0,
      "47": 0,
      "48": 3,
      "49": 3,
      "50": 2,
      "51": 2,
      "52": 2,
      "53": 1,
      "54": 1,
      "55": 0,
      "56": 0,
      "57": 3,
      "58": 3,
      "59": 0,
      "60": 0,
      "61": 0,
      "62": 0,
      "63": 0,
      "64": 0,
      "65": 0,
      "66": 0,
      "67": 0,
      "68": 0,
      "69": 0,
      "70": 0,
      "71": 0,
      "72": 3
    },
    "f": { "0": 6, "1": 0, "2": 9, "3": 0, "4": 2, "5": 0 },
    "b": {
      "0": [1],
      "1": [0],
      "2": [0, 0],
      "3": [0],
      "4": [9, 9],
      "5": [2],
      "6": [3, 2],
      "7": [0],
      "8": [1],
      "9": [0],
      "10": [0]
    }
  },
  "/Users/davest/Desktop/storefront-api/src/controllers/health.controller.ts": {
    "path": "/Users/davest/Desktop/storefront-api/src/controllers/health.controller.ts",
    "statementMap": {
      "0": { "start": { "line": 2, "column": 0 }, "end": { "line": 2, "column": 47 } },
      "1": { "start": { "line": 3, "column": 0 }, "end": { "line": 3, "column": 37 } },
      "2": { "start": { "line": 10, "column": 27 }, "end": { "line": 34, "column": 1 } },
      "3": { "start": { "line": 11, "column": 2 }, "end": { "line": 33, "column": 3 } },
      "4": { "start": { "line": 12, "column": 24 }, "end": { "line": 17, "column": 6 } },
      "5": { "start": { "line": 20, "column": 4 }, "end": { "line": 22, "column": 5 } },
      "6": { "start": { "line": 21, "column": 6 }, "end": { "line": 21, "column": 41 } },
      "7": { "start": { "line": 24, "column": 4 }, "end": { "line": 24, "column": 75 } },
      "8": { "start": { "line": 25, "column": 4 }, "end": { "line": 25, "column": 38 } },
      "9": { "start": { "line": 27, "column": 4 }, "end": { "line": 27, "column": 48 } },
      "10": { "start": { "line": 28, "column": 4 }, "end": { "line": 32, "column": 7 } },
      "11": { "start": { "line": 10, "column": 13 }, "end": { "line": 10, "column": 27 } }
    },
    "fnMap": {
      "0": {
        "name": "(anonymous_1)",
        "decl": { "start": { "line": 10, "column": 27 }, "end": { "line": 10, "column": 32 } },
        "loc": { "start": { "line": 10, "column": 80 }, "end": { "line": 34, "column": 1 } }
      }
    },
    "branchMap": {
      "0": {
        "loc": { "start": { "line": 20, "column": 4 }, "end": { "line": 22, "column": 5 } },
        "type": "if",
        "locations": [{ "start": { "line": 20, "column": 4 }, "end": { "line": 22, "column": 5 } }]
      }
    },
    "s": {
      "0": 2,
      "1": 2,
      "2": 2,
      "3": 0,
      "4": 0,
      "5": 0,
      "6": 0,
      "7": 0,
      "8": 0,
      "9": 0,
      "10": 0,
      "11": 2
    },
    "f": { "0": 0 },
    "b": { "0": [0] }
  },
  "/Users/davest/Desktop/storefront-api/src/entities/order-product.entity.ts": {
    "path": "/Users/davest/Desktop/storefront-api/src/entities/order-product.entity.ts",
    "statementMap": {
      "0": { "start": { "line": 1, "column": 0 }, "end": { "line": 1, "column": null } },
      "1": { "start": { "line": 11, "column": 0 }, "end": { "line": 11, "column": 39 } },
      "2": { "start": { "line": 12, "column": 0 }, "end": { "line": 12, "column": 43 } },
      "3": { "start": { "line": 15, "column": 7 }, "end": { "line": 44, "column": null } },
      "4": { "start": { "line": 15, "column": 13 }, "end": { "line": 15, "column": 25 } },
      "5": { "start": { "line": 17, "column": 2 }, "end": { "line": 17, "column": null } },
      "6": { "start": { "line": 21, "column": 2 }, "end": { "line": 21, "column": null } },
      "7": { "start": { "line": 25, "column": 2 }, "end": { "line": 25, "column": null } },
      "8": { "start": { "line": 28, "column": 2 }, "end": { "line": 28, "column": null } },
      "9": { "start": { "line": 31, "column": 2 }, "end": { "line": 31, "column": null } },
      "10": { "start": { "line": 34, "column": 2 }, "end": { "line": 34, "column": null } },
      "11": { "start": { "line": 39, "column": 2 }, "end": { "line": 39, "column": null } },
      "12": { "start": { "line": 37, "column": 19 }, "end": { "line": 37, "column": 24 } },
      "13": { "start": { "line": 37, "column": 37 }, "end": { "line": 37, "column": 56 } },
      "14": { "start": { "line": 43, "column": 2 }, "end": { "line": 43, "column": null } },
      "15": { "start": { "line": 41, "column": 19 }, "end": { "line": 41, "column": 26 } },
      "16": { "start": { "line": 41, "column": 41 }, "end": { "line": 41, "column": 62 } },
      "17": { "start": { "line": 15, "column": 13 }, "end": { "line": 44, "column": null } }
    },
    "fnMap": {
      "0": {
        "name": "(anonymous_2)",
        "decl": { "start": { "line": 37, "column": 13 }, "end": { "line": 37, "column": 16 } },
        "loc": { "start": { "line": 37, "column": 19 }, "end": { "line": 37, "column": 24 } }
      },
      "1": {
        "name": "(anonymous_3)",
        "decl": { "start": { "line": 37, "column": 26 }, "end": { "line": 37, "column": 27 } },
        "loc": { "start": { "line": 37, "column": 37 }, "end": { "line": 37, "column": 56 } }
      },
      "2": {
        "name": "(anonymous_4)",
        "decl": { "start": { "line": 41, "column": 13 }, "end": { "line": 41, "column": 16 } },
        "loc": { "start": { "line": 41, "column": 19 }, "end": { "line": 41, "column": 26 } }
      },
      "3": {
        "name": "(anonymous_5)",
        "decl": { "start": { "line": 41, "column": 28 }, "end": { "line": 41, "column": 29 } },
        "loc": { "start": { "line": 41, "column": 41 }, "end": { "line": 41, "column": 62 } }
      }
    },
    "branchMap": {},
    "s": {
      "0": 4,
      "1": 4,
      "2": 4,
      "3": 4,
      "4": 4,
      "5": 4,
      "6": 4,
      "7": 4,
      "8": 4,
      "9": 4,
      "10": 4,
      "11": 4,
      "12": 2,
      "13": 2,
      "14": 4,
      "15": 2,
      "16": 2,
      "17": 4
    },
    "f": { "0": 2, "1": 2, "2": 2, "3": 2 },
    "b": {}
  },
  "/Users/davest/Desktop/storefront-api/src/entities/order.entity.ts": {
    "path": "/Users/davest/Desktop/storefront-api/src/entities/order.entity.ts",
    "statementMap": {
      "0": { "start": { "line": 1, "column": 0 }, "end": { "line": 1, "column": null } },
      "1": { "start": { "line": 13, "column": 0 }, "end": { "line": 13, "column": 45 } },
      "2": { "start": { "line": 14, "column": 0 }, "end": { "line": 14, "column": 37 } },
      "3": { "start": { "line": 15, "column": 0 }, "end": { "line": 15, "column": 54 } },
      "4": { "start": { "line": 16, "column": 0 }, "end": { "line": 16, "column": 43 } },
      "5": { "start": { "line": 19, "column": 7 }, "end": { "line": 50, "column": null } },
      "6": { "start": { "line": 19, "column": 13 }, "end": { "line": 19, "column": 18 } },
      "7": { "start": { "line": 21, "column": 2 }, "end": { "line": 21, "column": null } },
      "8": { "start": { "line": 25, "column": 2 }, "end": { "line": 25, "column": null } },
      "9": { "start": { "line": 32, "column": 2 }, "end": { "line": 32, "column": null } },
      "10": { "start": { "line": 35, "column": 2 }, "end": { "line": 35, "column": null } },
      "11": { "start": { "line": 38, "column": 2 }, "end": { "line": 38, "column": null } },
      "12": { "start": { "line": 43, "column": 2 }, "end": { "line": 43, "column": null } },
      "13": { "start": { "line": 41, "column": 19 }, "end": { "line": 41, "column": 23 } },
      "14": { "start": { "line": 41, "column": 35 }, "end": { "line": 41, "column": 46 } },
      "15": { "start": { "line": 46, "column": 2 }, "end": { "line": 46, "column": null } },
      "16": { "start": { "line": 45, "column": 19 }, "end": { "line": 45, "column": 31 } },
      "17": { "start": { "line": 45, "column": 51 }, "end": { "line": 45, "column": 69 } },
      "18": { "start": { "line": 49, "column": 2 }, "end": { "line": 49, "column": null } },
      "19": { "start": { "line": 48, "column": 18 }, "end": { "line": 48, "column": 25 } },
      "20": { "start": { "line": 48, "column": 40 }, "end": { "line": 48, "column": 53 } },
      "21": { "start": { "line": 19, "column": 13 }, "end": { "line": 50, "column": null } }
    },
    "fnMap": {
      "0": {
        "name": "(anonymous_2)",
        "decl": { "start": { "line": 41, "column": 13 }, "end": { "line": 41, "column": 16 } },
        "loc": { "start": { "line": 41, "column": 19 }, "end": { "line": 41, "column": 23 } }
      },
      "1": {
        "name": "(anonymous_3)",
        "decl": { "start": { "line": 41, "column": 25 }, "end": { "line": 41, "column": 26 } },
        "loc": { "start": { "line": 41, "column": 35 }, "end": { "line": 41, "column": 46 } }
      },
      "2": {
        "name": "(anonymous_4)",
        "decl": { "start": { "line": 45, "column": 13 }, "end": { "line": 45, "column": 16 } },
        "loc": { "start": { "line": 45, "column": 19 }, "end": { "line": 45, "column": 31 } }
      },
      "3": {
        "name": "(anonymous_5)",
        "decl": { "start": { "line": 45, "column": 33 }, "end": { "line": 45, "column": 34 } },
        "loc": { "start": { "line": 45, "column": 51 }, "end": { "line": 45, "column": 69 } }
      },
      "4": {
        "name": "(anonymous_6)",
        "decl": { "start": { "line": 48, "column": 12 }, "end": { "line": 48, "column": 15 } },
        "loc": { "start": { "line": 48, "column": 18 }, "end": { "line": 48, "column": 25 } }
      },
      "5": {
        "name": "(anonymous_7)",
        "decl": { "start": { "line": 48, "column": 27 }, "end": { "line": 48, "column": 28 } },
        "loc": { "start": { "line": 48, "column": 40 }, "end": { "line": 48, "column": 53 } }
      }
    },
    "branchMap": {},
    "s": {
      "0": 4,
      "1": 4,
      "2": 4,
      "3": 4,
      "4": 4,
      "5": 4,
      "6": 4,
      "7": 4,
      "8": 4,
      "9": 4,
      "10": 4,
      "11": 4,
      "12": 4,
      "13": 2,
      "14": 2,
      "15": 4,
      "16": 2,
      "17": 2,
      "18": 4,
      "19": 2,
      "20": 2,
      "21": 4
    },
    "f": { "0": 2, "1": 2, "2": 2, "3": 2, "4": 2, "5": 2 },
    "b": {}
  },
  "/Users/davest/Desktop/storefront-api/src/entities/payment.entity.ts": {
    "path": "/Users/davest/Desktop/storefront-api/src/entities/payment.entity.ts",
    "statementMap": {
      "0": { "start": { "line": 1, "column": 0 }, "end": { "line": 1, "column": null } },
      "1": { "start": { "line": 10, "column": 0 }, "end": { "line": 10, "column": 64 } },
      "2": { "start": { "line": 11, "column": 0 }, "end": { "line": 11, "column": 39 } },
      "3": { "start": { "line": 14, "column": 7 }, "end": { "line": 50, "column": null } },
      "4": { "start": { "line": 14, "column": 13 }, "end": { "line": 14, "column": 20 } },
      "5": { "start": { "line": 16, "column": 2 }, "end": { "line": 16, "column": null } },
      "6": { "start": { "line": 19, "column": 2 }, "end": { "line": 19, "column": null } },
      "7": { "start": { "line": 22, "column": 2 }, "end": { "line": 22, "column": null } },
      "8": { "start": { "line": 28, "column": 2 }, "end": { "line": 28, "column": null } },
      "9": { "start": { "line": 35, "column": 2 }, "end": { "line": 35, "column": null } },
      "10": { "start": { "line": 38, "column": 2 }, "end": { "line": 38, "column": null } },
      "11": { "start": { "line": 41, "column": 2 }, "end": { "line": 41, "column": null } },
      "12": { "start": { "line": 44, "column": 2 }, "end": { "line": 44, "column": null } },
      "13": { "start": { "line": 49, "column": 2 }, "end": { "line": 49, "column": null } },
      "14": { "start": { "line": 47, "column": 18 }, "end": { "line": 47, "column": 23 } },
      "15": { "start": { "line": 47, "column": 36 }, "end": { "line": 47, "column": 49 } },
      "16": { "start": { "line": 14, "column": 13 }, "end": { "line": 50, "column": null } }
    },
    "fnMap": {
      "0": {
        "name": "(anonymous_2)",
        "decl": { "start": { "line": 47, "column": 12 }, "end": { "line": 47, "column": 15 } },
        "loc": { "start": { "line": 47, "column": 18 }, "end": { "line": 47, "column": 23 } }
      },
      "1": {
        "name": "(anonymous_3)",
        "decl": { "start": { "line": 47, "column": 25 }, "end": { "line": 47, "column": 26 } },
        "loc": { "start": { "line": 47, "column": 36 }, "end": { "line": 47, "column": 49 } }
      }
    },
    "branchMap": {},
    "s": {
      "0": 4,
      "1": 4,
      "2": 4,
      "3": 4,
      "4": 4,
      "5": 4,
      "6": 4,
      "7": 4,
      "8": 4,
      "9": 4,
      "10": 4,
      "11": 4,
      "12": 4,
      "13": 4,
      "14": 2,
      "15": 2,
      "16": 4
    },
    "f": { "0": 2, "1": 2 },
    "b": {}
  },
  "/Users/davest/Desktop/storefront-api/src/entities/product.entity.ts": {
    "path": "/Users/davest/Desktop/storefront-api/src/entities/product.entity.ts",
    "statementMap": {
      "0": { "start": { "line": 1, "column": 0 }, "end": { "line": 1, "column": null } },
      "1": { "start": { "line": 12, "column": 0 }, "end": { "line": 12, "column": 49 } },
      "2": { "start": { "line": 13, "column": 0 }, "end": { "line": 13, "column": 54 } },
      "3": { "start": { "line": 16, "column": 7 }, "end": { "line": 72, "column": null } },
      "4": { "start": { "line": 62, "column": 16 }, "end": { "line": 62, "column": 26 } },
      "5": { "start": { "line": 63, "column": 26 }, "end": { "line": 63, "column": 76 } },
      "6": { "start": { "line": 64, "column": 4 }, "end": { "line": 64, "column": 48 } },
      "7": { "start": { "line": 70, "column": 4 }, "end": { "line": 70, "column": 22 } },
      "8": { "start": { "line": 16, "column": 13 }, "end": { "line": 16, "column": 20 } },
      "9": { "start": { "line": 18, "column": 2 }, "end": { "line": 18, "column": null } },
      "10": { "start": { "line": 21, "column": 2 }, "end": { "line": 21, "column": null } },
      "11": { "start": { "line": 24, "column": 2 }, "end": { "line": 24, "column": null } },
      "12": { "start": { "line": 31, "column": 2 }, "end": { "line": 31, "column": null } },
      "13": { "start": { "line": 34, "column": 2 }, "end": { "line": 34, "column": null } },
      "14": { "start": { "line": 37, "column": 2 }, "end": { "line": 37, "column": null } },
      "15": { "start": { "line": 40, "column": 2 }, "end": { "line": 40, "column": null } },
      "16": { "start": { "line": 43, "column": 2 }, "end": { "line": 43, "column": null } },
      "17": { "start": { "line": 46, "column": 2 }, "end": { "line": 46, "column": null } },
      "18": { "start": { "line": 49, "column": 2 }, "end": { "line": 49, "column": null } },
      "19": { "start": { "line": 53, "column": 2 }, "end": { "line": 53, "column": null } },
      "20": { "start": { "line": 57, "column": 2 }, "end": { "line": 57, "column": null } },
      "21": { "start": { "line": 56, "column": 19 }, "end": { "line": 56, "column": 31 } },
      "22": { "start": { "line": 56, "column": 51 }, "end": { "line": 56, "column": 71 } },
      "23": { "start": { "line": 61, "column": 2 }, "end": { "line": 65, "column": null } },
      "24": { "start": { "line": 69, "column": 2 }, "end": { "line": 71, "column": null } },
      "25": { "start": { "line": 16, "column": 13 }, "end": { "line": 72, "column": null } }
    },
    "fnMap": {
      "0": {
        "name": "(anonymous_2)",
        "decl": { "start": { "line": 61, "column": 2 }, "end": { "line": 61, "column": 13 } },
        "loc": { "start": { "line": 61, "column": 13 }, "end": { "line": 65, "column": 3 } }
      },
      "1": {
        "name": "(anonymous_3)",
        "decl": { "start": { "line": 69, "column": 2 }, "end": { "line": 69, "column": 18 } },
        "loc": { "start": { "line": 69, "column": 18 }, "end": { "line": 71, "column": 3 } }
      },
      "2": {
        "name": "(anonymous_4)",
        "decl": { "start": { "line": 56, "column": 13 }, "end": { "line": 56, "column": 16 } },
        "loc": { "start": { "line": 56, "column": 19 }, "end": { "line": 56, "column": 31 } }
      },
      "3": {
        "name": "(anonymous_5)",
        "decl": { "start": { "line": 56, "column": 33 }, "end": { "line": 56, "column": 34 } },
        "loc": { "start": { "line": 56, "column": 51 }, "end": { "line": 56, "column": 71 } }
      }
    },
    "branchMap": {},
    "s": {
      "0": 4,
      "1": 4,
      "2": 4,
      "3": 4,
      "4": 0,
      "5": 0,
      "6": 0,
      "7": 0,
      "8": 4,
      "9": 4,
      "10": 4,
      "11": 4,
      "12": 4,
      "13": 4,
      "14": 4,
      "15": 4,
      "16": 4,
      "17": 4,
      "18": 4,
      "19": 4,
      "20": 4,
      "21": 2,
      "22": 2,
      "23": 4,
      "24": 4,
      "25": 4
    },
    "f": { "0": 0, "1": 0, "2": 2, "3": 2 },
    "b": {}
  },
  "/Users/davest/Desktop/storefront-api/src/entities/user.entity.ts": {
    "path": "/Users/davest/Desktop/storefront-api/src/entities/user.entity.ts",
    "statementMap": {
      "0": { "start": { "line": 1, "column": 0 }, "end": { "line": 1, "column": null } },
      "1": { "start": { "line": 10, "column": 0 }, "end": { "line": 10, "column": 39 } },
      "2": { "start": { "line": 13, "column": 7 }, "end": { "line": 39, "column": null } },
      "3": { "start": { "line": 13, "column": 13 }, "end": { "line": 13, "column": 17 } },
      "4": { "start": { "line": 15, "column": 2 }, "end": { "line": 15, "column": null } },
      "5": { "start": { "line": 18, "column": 2 }, "end": { "line": 18, "column": null } },
      "6": { "start": { "line": 21, "column": 2 }, "end": { "line": 21, "column": null } },
      "7": { "start": { "line": 25, "column": 2 }, "end": { "line": 25, "column": null } },
      "8": { "start": { "line": 28, "column": 2 }, "end": { "line": 28, "column": null } },
      "9": { "start": { "line": 31, "column": 2 }, "end": { "line": 31, "column": null } },
      "10": { "start": { "line": 34, "column": 2 }, "end": { "line": 34, "column": null } },
      "11": { "start": { "line": 38, "column": 2 }, "end": { "line": 38, "column": null } },
      "12": { "start": { "line": 37, "column": 19 }, "end": { "line": 37, "column": 24 } },
      "13": { "start": { "line": 37, "column": 37 }, "end": { "line": 37, "column": 47 } },
      "14": { "start": { "line": 13, "column": 13 }, "end": { "line": 39, "column": null } }
    },
    "fnMap": {
      "0": {
        "name": "(anonymous_2)",
        "decl": { "start": { "line": 37, "column": 13 }, "end": { "line": 37, "column": 16 } },
        "loc": { "start": { "line": 37, "column": 19 }, "end": { "line": 37, "column": 24 } }
      },
      "1": {
        "name": "(anonymous_3)",
        "decl": { "start": { "line": 37, "column": 26 }, "end": { "line": 37, "column": 27 } },
        "loc": { "start": { "line": 37, "column": 37 }, "end": { "line": 37, "column": 47 } }
      }
    },
    "branchMap": {},
    "s": {
      "0": 4,
      "1": 4,
      "2": 4,
      "3": 4,
      "4": 4,
      "5": 4,
      "6": 4,
      "7": 4,
      "8": 4,
      "9": 4,
      "10": 4,
      "11": 4,
      "12": 2,
      "13": 2,
      "14": 4
    },
    "f": { "0": 2, "1": 2 },
    "b": {}
  },
  "/Users/davest/Desktop/storefront-api/src/middleware/auth.middleware.ts": {
    "path": "/Users/davest/Desktop/storefront-api/src/middleware/auth.middleware.ts",
    "statementMap": {
      "0": { "start": { "line": 2, "column": 0 }, "end": { "line": 2, "column": 31 } },
      "1": { "start": { "line": 3, "column": 0 }, "end": { "line": 3, "column": 46 } },
      "2": { "start": { "line": 4, "column": 0 }, "end": { "line": 4, "column": 65 } },
      "3": { "start": { "line": 5, "column": 0 }, "end": { "line": 5, "column": 37 } },
      "4": { "start": { "line": 16, "column": 23 }, "end": { "line": 58, "column": 1 } },
      "5": { "start": { "line": 21, "column": 2 }, "end": { "line": 57, "column": 3 } },
      "6": { "start": { "line": 25, "column": 4 }, "end": { "line": 30, "column": 5 } },
      "7": { "start": { "line": 26, "column": 6 }, "end": { "line": 26, "column": 54 } },
      "8": { "start": { "line": 27, "column": 11 }, "end": { "line": 30, "column": 5 } },
      "9": { "start": { "line": 29, "column": 6 }, "end": { "line": 29, "column": 30 } },
      "10": { "start": { "line": 32, "column": 4 }, "end": { "line": 34, "column": 5 } },
      "11": { "start": { "line": 33, "column": 6 }, "end": { "line": 33, "column": 92 } },
      "12": { "start": { "line": 37, "column": 4 }, "end": { "line": 54, "column": 5 } },
      "13": { "start": { "line": 38, "column": 22 }, "end": { "line": 38, "column": 91 } },
      "14": { "start": { "line": 41, "column": 21 }, "end": { "line": 41, "column": 91 } },
      "15": { "start": { "line": 42, "column": 26 }, "end": { "line": 42, "column": 81 } },
      "16": { "start": { "line": 44, "column": 6 }, "end": { "line": 46, "column": 7 } },
      "17": { "start": { "line": 45, "column": 8 }, "end": { "line": 45, "column": 93 } },
      "18": { "start": { "line": 49, "column": 6 }, "end": { "line": 49, "column": 29 } },
      "19": { "start": { "line": 50, "column": 6 }, "end": { "line": 50, "column": 13 } },
      "20": { "start": { "line": 52, "column": 6 }, "end": { "line": 52, "column": 53 } },
      "21": { "start": { "line": 53, "column": 6 }, "end": { "line": 53, "column": 76 } },
      "22": { "start": { "line": 56, "column": 4 }, "end": { "line": 56, "column": 16 } },
      "23": { "start": { "line": 16, "column": 13 }, "end": { "line": 16, "column": 23 } },
      "24": { "start": { "line": 71, "column": 2 }, "end": { "line": 71, "column": 75 } },
      "25": { "start": { "line": 77, "column": 26 }, "end": { "line": 96, "column": 1 } },
      "26": { "start": { "line": 78, "column": 2 }, "end": { "line": 95, "column": 4 } },
      "27": { "start": { "line": 80, "column": 4 }, "end": { "line": 82, "column": 5 } },
      "28": { "start": { "line": 81, "column": 6 }, "end": { "line": 81, "column": 92 } },
      "29": { "start": { "line": 85, "column": 4 }, "end": { "line": 87, "column": 5 } },
      "30": { "start": { "line": 86, "column": 6 }, "end": { "line": 86, "column": 65 } },
      "31": { "start": { "line": 90, "column": 4 }, "end": { "line": 92, "column": 5 } },
      "32": { "start": { "line": 91, "column": 6 }, "end": { "line": 91, "column": 90 } },
      "33": { "start": { "line": 94, "column": 4 }, "end": { "line": 94, "column": 11 } },
      "34": { "start": { "line": 77, "column": 13 }, "end": { "line": 77, "column": 26 } }
    },
    "fnMap": {
      "0": {
        "name": "(anonymous_1)",
        "decl": { "start": { "line": 16, "column": 23 }, "end": { "line": 16, "column": 28 } },
        "loc": { "start": { "line": 20, "column": 19 }, "end": { "line": 58, "column": 1 } }
      },
      "1": {
        "name": "hasRole",
        "decl": { "start": { "line": 70, "column": 9 }, "end": { "line": 70, "column": 16 } },
        "loc": { "start": { "line": 70, "column": 27 }, "end": { "line": 72, "column": 1 } }
      },
      "2": {
        "name": "(anonymous_3)",
        "decl": { "start": { "line": 77, "column": 26 }, "end": { "line": 77, "column": 27 } },
        "loc": { "start": { "line": 77, "column": 49 }, "end": { "line": 96, "column": 1 } }
      },
      "3": {
        "name": "(anonymous_4)",
        "decl": { "start": { "line": 78, "column": 9 }, "end": { "line": 78, "column": 10 } },
        "loc": { "start": { "line": 78, "column": 80 }, "end": { "line": 95, "column": 3 } }
      }
    },
    "branchMap": {
      "0": {
        "loc": { "start": { "line": 25, "column": 4 }, "end": { "line": 30, "column": 5 } },
        "type": "if",
        "locations": [
          { "start": { "line": 25, "column": 4 }, "end": { "line": 30, "column": 5 } },
          { "start": { "line": 27, "column": 11 }, "end": { "line": 30, "column": 5 } }
        ]
      },
      "1": {
        "loc": { "start": { "line": 25, "column": 8 }, "end": { "line": 25, "column": 83 } },
        "type": "binary-expr",
        "locations": [
          { "start": { "line": 25, "column": 8 }, "end": { "line": 25, "column": 33 } },
          { "start": { "line": 25, "column": 37 }, "end": { "line": 25, "column": 83 } }
        ]
      },
      "2": {
        "loc": { "start": { "line": 27, "column": 11 }, "end": { "line": 30, "column": 5 } },
        "type": "if",
        "locations": [{ "start": { "line": 27, "column": 11 }, "end": { "line": 30, "column": 5 } }]
      },
      "3": {
        "loc": { "start": { "line": 32, "column": 4 }, "end": { "line": 34, "column": 5 } },
        "type": "if",
        "locations": [{ "start": { "line": 32, "column": 4 }, "end": { "line": 34, "column": 5 } }]
      },
      "4": {
        "loc": { "start": { "line": 41, "column": 21 }, "end": { "line": 41, "column": 91 } },
        "type": "cond-expr",
        "locations": [
          { "start": { "line": 41, "column": 54 }, "end": { "line": 41, "column": 64 } },
          { "start": { "line": 41, "column": 67 }, "end": { "line": 41, "column": 91 } }
        ]
      },
      "5": {
        "loc": { "start": { "line": 44, "column": 6 }, "end": { "line": 46, "column": 7 } },
        "type": "if",
        "locations": [{ "start": { "line": 44, "column": 6 }, "end": { "line": 46, "column": 7 } }]
      },
      "6": {
        "loc": { "start": { "line": 71, "column": 9 }, "end": { "line": 71, "column": 74 } },
        "type": "binary-expr",
        "locations": [
          { "start": { "line": 71, "column": 9 }, "end": { "line": 71, "column": 23 } },
          { "start": { "line": 71, "column": 27 }, "end": { "line": 71, "column": 74 } }
        ]
      },
      "7": {
        "loc": { "start": { "line": 80, "column": 4 }, "end": { "line": 82, "column": 5 } },
        "type": "if",
        "locations": [{ "start": { "line": 80, "column": 4 }, "end": { "line": 82, "column": 5 } }]
      },
      "8": {
        "loc": { "start": { "line": 85, "column": 4 }, "end": { "line": 87, "column": 5 } },
        "type": "if",
        "locations": [{ "start": { "line": 85, "column": 4 }, "end": { "line": 87, "column": 5 } }]
      },
      "9": {
        "loc": { "start": { "line": 90, "column": 4 }, "end": { "line": 92, "column": 5 } },
        "type": "if",
        "locations": [{ "start": { "line": 90, "column": 4 }, "end": { "line": 92, "column": 5 } }]
      }
    },
    "s": {
      "0": 2,
      "1": 2,
      "2": 2,
      "3": 2,
      "4": 2,
      "5": 8,
      "6": 8,
      "7": 5,
      "8": 3,
      "9": 0,
      "10": 8,
      "11": 3,
      "12": 5,
      "13": 5,
      "14": 0,
      "15": 0,
      "16": 0,
      "17": 0,
      "18": 0,
      "19": 0,
      "20": 5,
      "21": 5,
      "22": 0,
      "23": 2,
      "24": 0,
      "25": 2,
      "26": 0,
      "27": 0,
      "28": 0,
      "29": 0,
      "30": 0,
      "31": 0,
      "32": 0,
      "33": 0,
      "34": 2
    },
    "f": { "0": 8, "1": 0, "2": 0, "3": 0 },
    "b": {
      "0": [5, 3],
      "1": [8, 5],
      "2": [0],
      "3": [3],
      "4": [0, 0],
      "5": [0],
      "6": [0, 0],
      "7": [0],
      "8": [0],
      "9": [0]
    }
  },
  "/Users/davest/Desktop/storefront-api/src/middleware/error.middleware.ts": {
    "path": "/Users/davest/Desktop/storefront-api/src/middleware/error.middleware.ts",
    "statementMap": {
      "0": { "start": { "line": 2, "column": 0 }, "end": { "line": 2, "column": 37 } },
      "1": { "start": { "line": 13, "column": 4 }, "end": { "line": 13, "column": 19 } },
      "2": { "start": { "line": 14, "column": 4 }, "end": { "line": 14, "column": 33 } },
      "3": { "start": { "line": 15, "column": 4 }, "end": { "line": 15, "column": 69 } },
      "4": { "start": { "line": 16, "column": 4 }, "end": { "line": 16, "column": 30 } },
      "5": { "start": { "line": 19, "column": 4 }, "end": { "line": 19, "column": 52 } },
      "6": { "start": { "line": 7, "column": 0 }, "end": { "line": 7, "column": 13 } },
      "7": { "start": { "line": 26, "column": 21 }, "end": { "line": 33, "column": 1 } },
      "8": { "start": { "line": 27, "column": 2 }, "end": { "line": 32, "column": 5 } },
      "9": { "start": { "line": 38, "column": 22 }, "end": { "line": 56, "column": 1 } },
      "10": { "start": { "line": 40, "column": 2 }, "end": { "line": 55, "column": 3 } },
      "11": { "start": { "line": 41, "column": 4 }, "end": { "line": 44, "column": 7 } },
      "12": { "start": { "line": 48, "column": 4 }, "end": { "line": 48, "column": 34 } },
      "13": { "start": { "line": 51, "column": 4 }, "end": { "line": 54, "column": 7 } },
      "14": { "start": { "line": 78, "column": 2 }, "end": { "line": 78, "column": 25 } },
      "15": { "start": { "line": 85, "column": 2 }, "end": { "line": 85, "column": 63 } },
      "16": { "start": { "line": 91, "column": 24 }, "end": { "line": 150, "column": 1 } },
      "17": { "start": { "line": 94, "column": 2 }, "end": { "line": 98, "column": 3 } },
      "18": { "start": { "line": 95, "column": 4 }, "end": { "line": 95, "column": 22 } },
      "19": { "start": { "line": 97, "column": 4 }, "end": { "line": 97, "column": 75 } },
      "20": { "start": { "line": 101, "column": 2 }, "end": { "line": 103, "column": 4 } },
      "21": { "start": { "line": 105, "column": 2 }, "end": { "line": 107, "column": 3 } },
      "22": { "start": { "line": 106, "column": 4 }, "end": { "line": 106, "column": 28 } },
      "23": { "start": { "line": 110, "column": 2 }, "end": { "line": 149, "column": 3 } },
      "24": { "start": { "line": 111, "column": 4 }, "end": { "line": 111, "column": 35 } },
      "25": { "start": { "line": 116, "column": 4 }, "end": { "line": 120, "column": 5 } },
      "26": { "start": { "line": 117, "column": 20 }, "end": { "line": 117, "column": 48 } },
      "27": { "start": { "line": 118, "column": 22 }, "end": { "line": 118, "column": 82 } },
      "28": { "start": { "line": 119, "column": 6 }, "end": { "line": 119, "column": 47 } },
      "29": { "start": { "line": 123, "column": 4 }, "end": { "line": 127, "column": 5 } },
      "30": { "start": { "line": 124, "column": 20 }, "end": { "line": 124, "column": 71 } },
      "31": { "start": { "line": 125, "column": 22 }, "end": { "line": 125, "column": 82 } },
      "32": { "start": { "line": 126, "column": 6 }, "end": { "line": 126, "column": 47 } },
      "33": { "start": { "line": 130, "column": 4 }, "end": { "line": 133, "column": 5 } },
      "34": { "start": { "line": 131, "column": 22 }, "end": { "line": 131, "column": 68 } },
      "35": { "start": { "line": 132, "column": 6 }, "end": { "line": 132, "column": 47 } },
      "36": { "start": { "line": 136, "column": 4 }, "end": { "line": 139, "column": 5 } },
      "37": { "start": { "line": 137, "column": 22 }, "end": { "line": 137, "column": 59 } },
      "38": { "start": { "line": 138, "column": 6 }, "end": { "line": 138, "column": 47 } },
      "39": { "start": { "line": 142, "column": 4 }, "end": { "line": 146, "column": 5 } },
      "40": { "start": { "line": 143, "column": 21 }, "end": { "line": 143, "column": 70 } },
      "41": { "start": { "line": 143, "column": 59 }, "end": { "line": 143, "column": 69 } },
      "42": { "start": { "line": 144, "column": 22 }, "end": { "line": 144, "column": 64 } },
      "43": { "start": { "line": 145, "column": 6 }, "end": { "line": 145, "column": 47 } },
      "44": { "start": { "line": 148, "column": 4 }, "end": { "line": 148, "column": 36 } },
      "45": { "start": { "line": 152, "column": 0 }, "end": { "line": 152, "column": 31 } }
    },
    "fnMap": {
      "0": {
        "name": "(anonymous_1)",
        "decl": { "start": { "line": 12, "column": 2 }, "end": { "line": 12, "column": 14 } },
        "loc": { "start": { "line": 12, "column": 49 }, "end": { "line": 20, "column": 3 } }
      },
      "1": {
        "name": "(anonymous_2)",
        "decl": { "start": { "line": 26, "column": 21 }, "end": { "line": 26, "column": 22 } },
        "loc": { "start": { "line": 26, "column": 60 }, "end": { "line": 33, "column": 1 } }
      },
      "2": {
        "name": "(anonymous_3)",
        "decl": { "start": { "line": 38, "column": 22 }, "end": { "line": 38, "column": 23 } },
        "loc": { "start": { "line": 38, "column": 61 }, "end": { "line": 56, "column": 1 } }
      },
      "3": {
        "name": "isDatabaseError",
        "decl": { "start": { "line": 77, "column": 9 }, "end": { "line": 77, "column": 24 } },
        "loc": { "start": { "line": 77, "column": 37 }, "end": { "line": 79, "column": 1 } }
      },
      "4": {
        "name": "isValidationError",
        "decl": { "start": { "line": 84, "column": 9 }, "end": { "line": 84, "column": 26 } },
        "loc": { "start": { "line": 84, "column": 39 }, "end": { "line": 86, "column": 1 } }
      },
      "5": {
        "name": "(anonymous_6)",
        "decl": { "start": { "line": 91, "column": 24 }, "end": { "line": 91, "column": 25 } },
        "loc": { "start": { "line": 91, "column": 95 }, "end": { "line": 150, "column": 1 } }
      },
      "6": {
        "name": "(anonymous_7)",
        "decl": { "start": { "line": 143, "column": 51 }, "end": { "line": 143, "column": 52 } },
        "loc": { "start": { "line": 143, "column": 59 }, "end": { "line": 143, "column": 69 } }
      }
    },
    "branchMap": {
      "0": {
        "loc": { "start": { "line": 15, "column": 18 }, "end": { "line": 15, "column": 68 } },
        "type": "cond-expr",
        "locations": [
          { "start": { "line": 15, "column": 52 }, "end": { "line": 15, "column": 58 } },
          { "start": { "line": 15, "column": 61 }, "end": { "line": 15, "column": 68 } }
        ]
      },
      "1": {
        "loc": { "start": { "line": 40, "column": 2 }, "end": { "line": 55, "column": 3 } },
        "type": "if",
        "locations": [
          { "start": { "line": 40, "column": 2 }, "end": { "line": 55, "column": 3 } },
          { "start": { "line": 46, "column": 9 }, "end": { "line": 55, "column": 3 } }
        ]
      },
      "2": {
        "loc": { "start": { "line": 85, "column": 9 }, "end": { "line": 85, "column": 62 } },
        "type": "binary-expr",
        "locations": [
          { "start": { "line": 85, "column": 9 }, "end": { "line": 85, "column": 41 } },
          { "start": { "line": 85, "column": 45 }, "end": { "line": 85, "column": 62 } }
        ]
      },
      "3": {
        "loc": { "start": { "line": 94, "column": 2 }, "end": { "line": 98, "column": 3 } },
        "type": "if",
        "locations": [
          { "start": { "line": 94, "column": 2 }, "end": { "line": 98, "column": 3 } },
          { "start": { "line": 96, "column": 9 }, "end": { "line": 98, "column": 3 } }
        ]
      },
      "4": {
        "loc": { "start": { "line": 97, "column": 31 }, "end": { "line": 97, "column": 68 } },
        "type": "binary-expr",
        "locations": [
          { "start": { "line": 97, "column": 31 }, "end": { "line": 97, "column": 42 } },
          { "start": { "line": 97, "column": 46 }, "end": { "line": 97, "column": 68 } }
        ]
      },
      "5": {
        "loc": { "start": { "line": 105, "column": 2 }, "end": { "line": 107, "column": 3 } },
        "type": "if",
        "locations": [
          { "start": { "line": 105, "column": 2 }, "end": { "line": 107, "column": 3 } }
        ]
      },
      "6": {
        "loc": { "start": { "line": 110, "column": 2 }, "end": { "line": 149, "column": 3 } },
        "type": "if",
        "locations": [
          { "start": { "line": 110, "column": 2 }, "end": { "line": 149, "column": 3 } },
          { "start": { "line": 112, "column": 9 }, "end": { "line": 149, "column": 3 } }
        ]
      },
      "7": {
        "loc": { "start": { "line": 116, "column": 4 }, "end": { "line": 120, "column": 5 } },
        "type": "if",
        "locations": [
          { "start": { "line": 116, "column": 4 }, "end": { "line": 120, "column": 5 } }
        ]
      },
      "8": {
        "loc": { "start": { "line": 116, "column": 8 }, "end": { "line": 116, "column": 68 } },
        "type": "binary-expr",
        "locations": [
          { "start": { "line": 116, "column": 8 }, "end": { "line": 116, "column": 28 } },
          { "start": { "line": 116, "column": 32 }, "end": { "line": 116, "column": 52 } },
          { "start": { "line": 116, "column": 56 }, "end": { "line": 116, "column": 68 } }
        ]
      },
      "9": {
        "loc": { "start": { "line": 123, "column": 4 }, "end": { "line": 127, "column": 5 } },
        "type": "if",
        "locations": [
          { "start": { "line": 123, "column": 4 }, "end": { "line": 127, "column": 5 } }
        ]
      },
      "10": {
        "loc": { "start": { "line": 123, "column": 8 }, "end": { "line": 123, "column": 52 } },
        "type": "binary-expr",
        "locations": [
          { "start": { "line": 123, "column": 8 }, "end": { "line": 123, "column": 28 } },
          { "start": { "line": 123, "column": 32 }, "end": { "line": 123, "column": 52 } }
        ]
      },
      "11": {
        "loc": { "start": { "line": 124, "column": 20 }, "end": { "line": 124, "column": 71 } },
        "type": "binary-expr",
        "locations": [
          { "start": { "line": 124, "column": 20 }, "end": { "line": 124, "column": 60 } },
          { "start": { "line": 124, "column": 64 }, "end": { "line": 124, "column": 71 } }
        ]
      },
      "12": {
        "loc": { "start": { "line": 130, "column": 4 }, "end": { "line": 133, "column": 5 } },
        "type": "if",
        "locations": [
          { "start": { "line": 130, "column": 4 }, "end": { "line": 133, "column": 5 } }
        ]
      },
      "13": {
        "loc": { "start": { "line": 136, "column": 4 }, "end": { "line": 139, "column": 5 } },
        "type": "if",
        "locations": [
          { "start": { "line": 136, "column": 4 }, "end": { "line": 139, "column": 5 } }
        ]
      },
      "14": {
        "loc": { "start": { "line": 142, "column": 4 }, "end": { "line": 146, "column": 5 } },
        "type": "if",
        "locations": [
          { "start": { "line": 142, "column": 4 }, "end": { "line": 146, "column": 5 } }
        ]
      }
    },
    "s": {
      "0": 3,
      "1": 24,
      "2": 24,
      "3": 24,
      "4": 24,
      "5": 24,
      "6": 3,
      "7": 3,
      "8": 0,
      "9": 3,
      "10": 20,
      "11": 20,
      "12": 0,
      "13": 0,
      "14": 40,
      "15": 20,
      "16": 3,
      "17": 20,
      "18": 10,
      "19": 10,
      "20": 20,
      "21": 20,
      "22": 20,
      "23": 20,
      "24": 0,
      "25": 20,
      "26": 0,
      "27": 0,
      "28": 0,
      "29": 20,
      "30": 0,
      "31": 0,
      "32": 0,
      "33": 20,
      "34": 0,
      "35": 0,
      "36": 20,
      "37": 0,
      "38": 0,
      "39": 20,
      "40": 0,
      "41": 0,
      "42": 0,
      "43": 0,
      "44": 20,
      "45": 3
    },
    "f": { "0": 24, "1": 0, "2": 20, "3": 40, "4": 20, "5": 20, "6": 0 },
    "b": {
      "0": [14, 10],
      "1": [20, 0],
      "2": [20, 0],
      "3": [10, 10],
      "4": [10, 0],
      "5": [20],
      "6": [0, 20],
      "7": [0],
      "8": [20, 0, 0],
      "9": [0],
      "10": [20, 0],
      "11": [0, 0],
      "12": [0],
      "13": [0],
      "14": [0]
    }
  },
  "/Users/davest/Desktop/storefront-api/src/middleware/validation.middleware.ts": {
    "path": "/Users/davest/Desktop/storefront-api/src/middleware/validation.middleware.ts",
    "statementMap": {
      "0": { "start": { "line": 3, "column": 0 }, "end": { "line": 3, "column": 46 } },
      "1": { "start": { "line": 9, "column": 31 }, "end": { "line": 30, "column": 1 } },
      "2": { "start": { "line": 10, "column": 2 }, "end": { "line": 29, "column": 4 } },
      "3": { "start": { "line": 11, "column": 4 }, "end": { "line": 28, "column": 5 } },
      "4": { "start": { "line": 13, "column": 21 }, "end": { "line": 13, "column": 47 } },
      "5": { "start": { "line": 15, "column": 6 }, "end": { "line": 21, "column": 7 } },
      "6": { "start": { "line": 16, "column": 29 }, "end": { "line": 18, "column": 21 } },
      "7": { "start": { "line": 17, "column": 26 }, "end": { "line": 17, "column": 69 } },
      "8": { "start": { "line": 20, "column": 8 }, "end": { "line": 20, "column": 76 } },
      "9": { "start": { "line": 24, "column": 6 }, "end": { "line": 24, "column": 29 } },
      "10": { "start": { "line": 25, "column": 6 }, "end": { "line": 25, "column": 13 } },
      "11": { "start": { "line": 27, "column": 6 }, "end": { "line": 27, "column": 18 } },
      "12": { "start": { "line": 9, "column": 13 }, "end": { "line": 9, "column": 31 } }
    },
    "fnMap": {
      "0": {
        "name": "(anonymous_0)",
        "decl": { "start": { "line": 9, "column": 31 }, "end": { "line": 9, "column": 56 } },
        "loc": { "start": { "line": 9, "column": 69 }, "end": { "line": 30, "column": 1 } }
      },
      "1": {
        "name": "(anonymous_1)",
        "decl": { "start": { "line": 10, "column": 9 }, "end": { "line": 10, "column": 10 } },
        "loc": { "start": { "line": 10, "column": 67 }, "end": { "line": 29, "column": 3 } }
      },
      "2": {
        "name": "(anonymous_2)",
        "decl": { "start": { "line": 17, "column": 15 }, "end": { "line": 17, "column": 16 } },
        "loc": { "start": { "line": 17, "column": 26 }, "end": { "line": 17, "column": 69 } }
      }
    },
    "branchMap": {
      "0": {
        "loc": { "start": { "line": 15, "column": 6 }, "end": { "line": 21, "column": 7 } },
        "type": "if",
        "locations": [{ "start": { "line": 15, "column": 6 }, "end": { "line": 21, "column": 7 } }]
      }
    },
    "s": {
      "0": 2,
      "1": 2,
      "2": 6,
      "3": 12,
      "4": 12,
      "5": 12,
      "6": 2,
      "7": 2,
      "8": 2,
      "9": 10,
      "10": 10,
      "11": 0,
      "12": 2
    },
    "f": { "0": 6, "1": 12, "2": 2 },
    "b": { "0": [2] }
  },
  "/Users/davest/Desktop/storefront-api/src/repositories/order.repository.ts": {
    "path": "/Users/davest/Desktop/storefront-api/src/repositories/order.repository.ts",
    "statementMap": {
      "0": { "start": { "line": 1, "column": 0 }, "end": { "line": 1, "column": 37 } },
      "1": { "start": { "line": 2, "column": 0 }, "end": { "line": 2, "column": 49 } },
      "2": { "start": { "line": 3, "column": 0 }, "end": { "line": 3, "column": 45 } },
      "3": { "start": { "line": 4, "column": 0 }, "end": { "line": 4, "column": 47 } },
      "4": { "start": { "line": 8, "column": 4 }, "end": { "line": 8, "column": 40 } },
      "5": { "start": { "line": 12, "column": 4 }, "end": { "line": 18, "column": 7 } },
      "6": { "start": { "line": 22, "column": 4 }, "end": { "line": 29, "column": 7 } },
      "7": { "start": { "line": 33, "column": 4 }, "end": { "line": 36, "column": 7 } },
      "8": { "start": { "line": 6, "column": 0 }, "end": { "line": 6, "column": 13 } },
      "9": { "start": { "line": 41, "column": 13 }, "end": { "line": 41, "column": 53 } }
    },
    "fnMap": {
      "0": {
        "name": "(anonymous_1)",
        "decl": { "start": { "line": 7, "column": 2 }, "end": { "line": 7, "column": null } },
        "loc": { "start": { "line": 7, "column": 2 }, "end": { "line": 9, "column": 3 } }
      },
      "1": {
        "name": "(anonymous_2)",
        "decl": { "start": { "line": 11, "column": 2 }, "end": { "line": 11, "column": 7 } },
        "loc": { "start": { "line": 11, "column": 42 }, "end": { "line": 19, "column": 3 } }
      },
      "2": {
        "name": "(anonymous_3)",
        "decl": { "start": { "line": 21, "column": 2 }, "end": { "line": 21, "column": 7 } },
        "loc": { "start": { "line": 21, "column": 46 }, "end": { "line": 30, "column": 3 } }
      },
      "3": {
        "name": "(anonymous_4)",
        "decl": { "start": { "line": 32, "column": 2 }, "end": { "line": 32, "column": 7 } },
        "loc": { "start": { "line": 32, "column": 44 }, "end": { "line": 37, "column": 3 } }
      }
    },
    "branchMap": {},
    "s": { "0": 0, "1": 0, "2": 0, "3": 0, "4": 0, "5": 0, "6": 0, "7": 0, "8": 0, "9": 0 },
    "f": { "0": 0, "1": 0, "2": 0, "3": 0 },
    "b": {}
  },
  "/Users/davest/Desktop/storefront-api/src/repositories/payment.repository.ts": {
    "path": "/Users/davest/Desktop/storefront-api/src/repositories/payment.repository.ts",
    "statementMap": {
      "0": { "start": { "line": 1, "column": 0 }, "end": { "line": 1, "column": 37 } },
      "1": { "start": { "line": 2, "column": 0 }, "end": { "line": 2, "column": 53 } },
      "2": { "start": { "line": 4, "column": 0 }, "end": { "line": 4, "column": 47 } },
      "3": { "start": { "line": 8, "column": 4 }, "end": { "line": 8, "column": 42 } },
      "4": { "start": { "line": 12, "column": 4 }, "end": { "line": 15, "column": 7 } },
      "5": { "start": { "line": 19, "column": 4 }, "end": { "line": 21, "column": 7 } },
      "6": { "start": { "line": 25, "column": 4 }, "end": { "line": 29, "column": 7 } },
      "7": { "start": { "line": 33, "column": 4 }, "end": { "line": 37, "column": 7 } },
      "8": { "start": { "line": 6, "column": 0 }, "end": { "line": 6, "column": 13 } },
      "9": { "start": { "line": 42, "column": 13 }, "end": { "line": 42, "column": 57 } }
    },
    "fnMap": {
      "0": {
        "name": "(anonymous_1)",
        "decl": { "start": { "line": 7, "column": 2 }, "end": { "line": 7, "column": null } },
        "loc": { "start": { "line": 7, "column": 2 }, "end": { "line": 9, "column": 3 } }
      },
      "1": {
        "name": "(anonymous_2)",
        "decl": { "start": { "line": 11, "column": 2 }, "end": { "line": 11, "column": 7 } },
        "loc": { "start": { "line": 11, "column": 37 }, "end": { "line": 16, "column": 3 } }
      },
      "2": {
        "name": "(anonymous_3)",
        "decl": { "start": { "line": 18, "column": 2 }, "end": { "line": 18, "column": 7 } },
        "loc": { "start": { "line": 18, "column": 65 }, "end": { "line": 22, "column": 3 } }
      },
      "3": {
        "name": "(anonymous_4)",
        "decl": { "start": { "line": 24, "column": 2 }, "end": { "line": 24, "column": 7 } },
        "loc": { "start": { "line": 24, "column": 49 }, "end": { "line": 30, "column": 3 } }
      },
      "4": {
        "name": "(anonymous_5)",
        "decl": { "start": { "line": 32, "column": 2 }, "end": { "line": 32, "column": 7 } },
        "loc": { "start": { "line": 32, "column": 55 }, "end": { "line": 38, "column": 3 } }
      }
    },
    "branchMap": {},
    "s": { "0": 0, "1": 0, "2": 0, "3": 0, "4": 0, "5": 0, "6": 0, "7": 0, "8": 0, "9": 0 },
    "f": { "0": 0, "1": 0, "2": 0, "3": 0, "4": 0 },
    "b": {}
  },
  "/Users/davest/Desktop/storefront-api/src/repositories/product.repository.ts": {
    "path": "/Users/davest/Desktop/storefront-api/src/repositories/product.repository.ts",
    "statementMap": {
      "0": { "start": { "line": 1, "column": 0 }, "end": { "line": 1, "column": 37 } },
      "1": { "start": { "line": 2, "column": 0 }, "end": { "line": 2, "column": 53 } },
      "2": { "start": { "line": 4, "column": 0 }, "end": { "line": 4, "column": 47 } },
      "3": { "start": { "line": 8, "column": 4 }, "end": { "line": 8, "column": 42 } },
      "4": { "start": { "line": 12, "column": 4 }, "end": { "line": 15, "column": 7 } },
      "5": { "start": { "line": 20, "column": 21 }, "end": { "line": 22, "column": 6 } },
      "6": { "start": { "line": 25, "column": 16 }, "end": { "line": 25, "column": 26 } },
      "7": { "start": { "line": 26, "column": 26 }, "end": { "line": 26, "column": 76 } },
      "8": { "start": { "line": 28, "column": 4 }, "end": { "line": 28, "column": 75 } },
      "9": { "start": { "line": 28, "column": 40 }, "end": { "line": 28, "column": 73 } },
      "10": { "start": { "line": 6, "column": 0 }, "end": { "line": 6, "column": 13 } },
      "11": { "start": { "line": 33, "column": 13 }, "end": { "line": 33, "column": 57 } }
    },
    "fnMap": {
      "0": {
        "name": "(anonymous_1)",
        "decl": { "start": { "line": 7, "column": 2 }, "end": { "line": 7, "column": null } },
        "loc": { "start": { "line": 7, "column": 2 }, "end": { "line": 9, "column": 3 } }
      },
      "1": {
        "name": "(anonymous_2)",
        "decl": { "start": { "line": 11, "column": 2 }, "end": { "line": 11, "column": 7 } },
        "loc": { "start": { "line": 11, "column": 48 }, "end": { "line": 16, "column": 3 } }
      },
      "2": {
[...]
      "10": { "start": { "line": 17, "column": 0 }, "end": { "line": 17, "column": null } },
      "11": { "start": { "line": 18, "column": 2 }, "end": { "line": 18, "column": null } },
      "12": { "start": { "line": 19, "column": 2 }, "end": { "line": 19, "column": null } },
      "13": { "start": { "line": 20, "column": 2 }, "end": { "line": 20, "column": null } }
    },
    "fnMap": {
      "0": {
        "name": "(anonymous_0)",
        "decl": { "start": { "line": 1, "column": 0 }, "end": { "line": 1, "column": 12 } },
        "loc": { "start": { "line": 1, "column": 23 }, "end": { "line": 4, "column": 1 } }
      },
      "1": {
        "name": "(anonymous_1)",
        "decl": { "start": { "line": 6, "column": 0 }, "end": { "line": 6, "column": 12 } },
        "loc": { "start": { "line": 6, "column": 27 }, "end": { "line": 10, "column": 1 } }
      },
      "2": {
        "name": "(anonymous_2)",
        "decl": { "start": { "line": 12, "column": 0 }, "end": { "line": 12, "column": 12 } },
        "loc": { "start": { "line": 12, "column": 27 }, "end": { "line": 15, "column": 1 } }
      },
      "3": {
        "name": "(anonymous_3)",
        "decl": { "start": { "line": 17, "column": 0 }, "end": { "line": 17, "column": 12 } },
        "loc": { "start": { "line": 17, "column": 25 }, "end": { "line": 21, "column": 1 } }
      }
    },
    "branchMap": {
      "0": {
        "loc": { "start": { "line": 1, "column": 12 }, "end": { "line": 1, "column": null } },
        "type": "binary-expr",
        "locations": [
          { "start": { "line": 1, "column": 12 }, "end": { "line": 1, "column": 23 } },
          { "start": { "line": 1, "column": 23 }, "end": { "line": 1, "column": null } }
        ]
      },
      "1": {
        "loc": { "start": { "line": 6, "column": 12 }, "end": { "line": 6, "column": null } },
        "type": "binary-expr",
        "locations": [
          { "start": { "line": 6, "column": 12 }, "end": { "line": 6, "column": 27 } },
          { "start": { "line": 6, "column": 27 }, "end": { "line": 6, "column": null } }
        ]
      },
      "2": {
        "loc": { "start": { "line": 12, "column": 12 }, "end": { "line": 12, "column": null } },
        "type": "binary-expr",
        "locations": [
          { "start": { "line": 12, "column": 12 }, "end": { "line": 12, "column": 27 } },
          { "start": { "line": 12, "column": 27 }, "end": { "line": 12, "column": null } }
        ]
      },
      "3": {
        "loc": { "start": { "line": 17, "column": 12 }, "end": { "line": 17, "column": null } },
        "type": "binary-expr",
        "locations": [
          { "start": { "line": 17, "column": 12 }, "end": { "line": 17, "column": 25 } },
          { "start": { "line": 17, "column": 25 }, "end": { "line": 17, "column": null } }
        ]
      }
    },
    "s": {
      "0": 4,
      "1": 4,
      "2": 4,
      "3": 4,
      "4": 4,
      "5": 4,
      "6": 4,
      "7": 4,
      "8": 4,
      "9": 4,
      "10": 4,
      "11": 4,
      "12": 4,
      "13": 4
    },
    "f": { "0": 4, "1": 4, "2": 4, "3": 4 },
    "b": { "0": [4, 4], "1": [4, 4], "2": [4, 4], "3": [4, 4] }
  },
  "/Users/davest/Desktop/storefront-api/src/utils/database.ts": {
    "path": "/Users/davest/Desktop/storefront-api/src/utils/database.ts",
    "statementMap": {
      "0": { "start": { "line": 1, "column": 0 }, "end": { "line": 1, "column": 47 } },
      "1": { "start": { "line": 2, "column": 0 }, "end": { "line": 2, "column": 30 } },
      "2": { "start": { "line": 7, "column": 34 }, "end": { "line": 17, "column": 1 } },
      "3": { "start": { "line": 8, "column": 2 }, "end": { "line": 16, "column": 3 } },
      "4": { "start": { "line": 9, "column": 4 }, "end": { "line": 12, "column": 5 } },
      "5": { "start": { "line": 10, "column": 6 }, "end": { "line": 10, "column": 39 } },
      "6": { "start": { "line": 11, "column": 6 }, "end": { "line": 11, "column": 76 } },
      "7": { "start": { "line": 14, "column": 4 }, "end": { "line": 14, "column": 62 } },
      "8": { "start": { "line": 15, "column": 4 }, "end": { "line": 15, "column": 16 } },
      "9": { "start": { "line": 7, "column": 13 }, "end": { "line": 7, "column": 34 } },
      "10": { "start": { "line": 22, "column": 29 }, "end": { "line": 32, "column": 1 } },
      "11": { "start": { "line": 23, "column": 2 }, "end": { "line": 31, "column": 3 } },
      "12": { "start": { "line": 24, "column": 4 }, "end": { "line": 27, "column": 5 } },
      "13": { "start": { "line": 25, "column": 6 }, "end": { "line": 25, "column": 36 } },
      "14": { "start": { "line": 26, "column": 6 }, "end": { "line": 26, "column": 58 } },
      "15": { "start": { "line": 29, "column": 4 }, "end": { "line": 29, "column": 62 } },
      "16": { "start": { "line": 30, "column": 4 }, "end": { "line": 30, "column": 16 } },
      "17": { "start": { "line": 22, "column": 13 }, "end": { "line": 22, "column": 29 } },
      "18": { "start": { "line": 37, "column": 29 }, "end": { "line": 44, "column": 1 } },
      "19": { "start": { "line": 38, "column": 2 }, "end": { "line": 42, "column": 3 } },
      "20": { "start": { "line": 39, "column": 4 }, "end": { "line": 41, "column": 6 } },
      "21": { "start": { "line": 43, "column": 2 }, "end": { "line": 43, "column": 23 } },
      "22": { "start": { "line": 37, "column": 13 }, "end": { "line": 37, "column": 29 } },
      "23": { "start": { "line": 46, "column": 0 }, "end": { "line": 50, "column": 2 } }
    },
    "fnMap": {
      "0": {
        "name": "(anonymous_1)",
        "decl": { "start": { "line": 7, "column": 34 }, "end": { "line": 7, "column": 39 } },
        "loc": { "start": { "line": 7, "column": 60 }, "end": { "line": 17, "column": 1 } }
      },
      "1": {
        "name": "(anonymous_2)",
        "decl": { "start": { "line": 22, "column": 29 }, "end": { "line": 22, "column": 34 } },
        "loc": { "start": { "line": 22, "column": 55 }, "end": { "line": 32, "column": 1 } }
      },
      "2": {
        "name": "(anonymous_3)",
        "decl": { "start": { "line": 37, "column": 29 }, "end": { "line": 37, "column": 54 } },
        "loc": { "start": { "line": 37, "column": 56 }, "end": { "line": 44, "column": 1 } }
      }
    },
    "branchMap": {
      "0": {
        "loc": { "start": { "line": 9, "column": 4 }, "end": { "line": 12, "column": 5 } },
        "type": "if",
        "locations": [{ "start": { "line": 9, "column": 4 }, "end": { "line": 12, "column": 5 } }]
      },
      "1": {
        "loc": { "start": { "line": 24, "column": 4 }, "end": { "line": 27, "column": 5 } },
        "type": "if",
        "locations": [{ "start": { "line": 24, "column": 4 }, "end": { "line": 27, "column": 5 } }]
      },
      "2": {
        "loc": { "start": { "line": 38, "column": 2 }, "end": { "line": 42, "column": 3 } },
        "type": "if",
        "locations": [{ "start": { "line": 38, "column": 2 }, "end": { "line": 42, "column": 3 } }]
      }
    },
    "s": {
      "0": 0,
      "1": 0,
      "2": 0,
      "3": 0,
      "4": 0,
      "5": 0,
      "6": 0,
      "7": 0,
      "8": 0,
      "9": 0,
      "10": 0,
      "11": 0,
      "12": 0,
      "13": 0,
      "14": 0,
      "15": 0,
      "16": 0,
      "17": 0,
      "18": 0,
      "19": 0,
      "20": 0,
      "21": 0,
      "22": 0,
      "23": 0
    },
    "f": { "0": 0, "1": 0, "2": 0 },
    "b": { "0": [0], "1": [0], "2": [0] }
  },
  "/Users/davest/Desktop/storefront-api/src/utils/jwt.utils.ts": {
    "path": "/Users/davest/Desktop/storefront-api/src/utils/jwt.utils.ts",
    "statementMap": {
      "0": { "start": { "line": 1, "column": 0 }, "end": { "line": 1, "column": 31 } },
      "1": { "start": { "line": 3, "column": 0 }, "end": { "line": 3, "column": 30 } },
      "2": { "start": { "line": 10, "column": 29 }, "end": { "line": 34, "column": 1 } },
      "3": { "start": { "line": 11, "column": 2 }, "end": { "line": 33, "column": 3 } },
      "4": { "start": { "line": 13, "column": 34 }, "end": { "line": 13, "column": 66 } },
      "5": { "start": { "line": 14, "column": 4 }, "end": { "line": 16, "column": 5 } },
      "6": { "start": { "line": 15, "column": 6 }, "end": { "line": 15, "column": 72 } },
      "7": { "start": { "line": 19, "column": 20 }, "end": { "line": 22, "column": 6 } },
      "8": { "start": { "line": 25, "column": 18 }, "end": { "line": 27, "column": 25 } },
      "9": { "start": { "line": 29, "column": 4 }, "end": { "line": 29, "column": 17 } },
      "10": { "start": { "line": 31, "column": 4 }, "end": { "line": 31, "column": 55 } },
      "11": { "start": { "line": 32, "column": 4 }, "end": { "line": 32, "column": 63 } },
      "12": { "start": { "line": 10, "column": 13 }, "end": { "line": 10, "column": 29 } },
      "13": { "start": { "line": 41, "column": 27 }, "end": { "line": 56, "column": 1 } },
      "14": { "start": { "line": 42, "column": 2 }, "end": { "line": 55, "column": 3 } },
      "15": { "start": { "line": 44, "column": 22 }, "end": { "line": 44, "column": 44 } },
      "16": { "start": { "line": 45, "column": 4 }, "end": { "line": 47, "column": 5 } },
      "17": { "start": { "line": 46, "column": 6 }, "end": { "line": 46, "column": 72 } },
      "18": { "start": { "line": 50, "column": 20 }, "end": { "line": 50, "column": 66 } },
      "19": { "start": { "line": 51, "column": 4 }, "end": { "line": 51, "column": 19 } },
      "20": { "start": { "line": 53, "column": 4 }, "end": { "line": 53, "column": 54 } },
      "21": { "start": { "line": 54, "column": 4 }, "end": { "line": 54, "column": 16 } },
      "22": { "start": { "line": 41, "column": 13 }, "end": { "line": 41, "column": 27 } }
    },
    "fnMap": {
      "0": {
        "name": "(anonymous_1)",
        "decl": { "start": { "line": 10, "column": 29 }, "end": { "line": 10, "column": 30 } },
        "loc": { "start": { "line": 10, "column": 52 }, "end": { "line": 34, "column": 1 } }
      },
      "1": {
        "name": "(anonymous_2)",
        "decl": { "start": { "line": 41, "column": 27 }, "end": { "line": 41, "column": 28 } },
        "loc": { "start": { "line": 41, "column": 68 }, "end": { "line": 56, "column": 1 } }
      }
    },
    "branchMap": {
      "0": {
        "loc": { "start": { "line": 14, "column": 4 }, "end": { "line": 16, "column": 5 } },
        "type": "if",
        "locations": [{ "start": { "line": 14, "column": 4 }, "end": { "line": 16, "column": 5 } }]
      },
      "1": {
        "loc": { "start": { "line": 26, "column": 17 }, "end": { "line": 26, "column": 51 } },
        "type": "binary-expr",
        "locations": [
          { "start": { "line": 26, "column": 17 }, "end": { "line": 26, "column": 43 } },
          { "start": { "line": 26, "column": 47 }, "end": { "line": 26, "column": 51 } }
        ]
      },
      "2": {
        "loc": { "start": { "line": 45, "column": 4 }, "end": { "line": 47, "column": 5 } },
        "type": "if",
        "locations": [{ "start": { "line": 45, "column": 4 }, "end": { "line": 47, "column": 5 } }]
      }
    },
    "s": {
      "0": 3,
      "1": 3,
      "2": 3,
      "3": 0,
      "4": 0,
      "5": 0,
      "6": 0,
      "7": 0,
      "8": 0,
      "9": 0,
      "10": 0,
      "11": 0,
      "12": 3,
      "13": 3,
      "14": 0,
      "15": 0,
      "16": 0,
      "17": 0,
      "18": 0,
      "19": 0,
      "20": 0,
      "21": 0,
      "22": 3
    },
    "f": { "0": 0, "1": 0 },
    "b": { "0": [0], "1": [0, 0], "2": [0] }
  },
  "/Users/davest/Desktop/storefront-api/src/utils/logger.ts": {
    "path": "/Users/davest/Desktop/storefront-api/src/utils/logger.ts",
    "statementMap": {
      "0": { "start": { "line": 1, "column": 0 }, "end": { "line": 1, "column": 30 } },
      "1": { "start": { "line": 2, "column": 0 }, "end": { "line": 2, "column": 20 } },
      "2": { "start": { "line": 3, "column": 0 }, "end": { "line": 3, "column": 24 } },
      "3": { "start": { "line": 6, "column": 16 }, "end": { "line": 6, "column": 48 } },
      "4": { "start": { "line": 7, "column": 0 }, "end": { "line": 9, "column": 1 } },
      "5": { "start": { "line": 8, "column": 2 }, "end": { "line": 8, "column": 24 } },
      "6": { "start": { "line": 12, "column": 15 }, "end": { "line": 18, "column": 2 } },
      "7": { "start": { "line": 21, "column": 14 }, "end": { "line": 24, "column": 1 } },
      "8": { "start": { "line": 22, "column": 14 }, "end": { "line": 22, "column": 51 } },
      "9": { "start": { "line": 23, "column": 2 }, "end": { "line": 23, "column": 50 } },
      "10": { "start": { "line": 27, "column": 15 }, "end": { "line": 33, "column": 2 } },
      "11": { "start": { "line": 36, "column": 0 }, "end": { "line": 36, "column": 26 } },
      "12": { "start": { "line": 39, "column": 22 }, "end": { "line": 42, "column": null } },
      "13": { "start": { "line": 42, "column": 34 }, "end": { "line": 42, "column": 84 } },
      "14": { "start": { "line": 46, "column": 19 }, "end": { "line": 48, "column": null } },
      "15": { "start": { "line": 52, "column": 15 }, "end": { "line": 77, "column": 2 } },
      "16": { "start": { "line": 80, "column": 13 }, "end": { "line": 84, "column": 2 } },
      "17": { "start": { "line": 82, "column": 4 }, "end": { "line": 82, "column": 32 } },
      "18": { "start": { "line": 87, "column": 0 }, "end": { "line": 90, "column": 3 } },
      "19": { "start": { "line": 88, "column": 2 }, "end": { "line": 88, "column": 45 } },
      "20": { "start": { "line": 89, "column": 2 }, "end": { "line": 89, "column": 18 } },
      "21": { "start": { "line": 92, "column": 0 }, "end": { "line": 92, "column": 22 } }
    },
    "fnMap": {
      "0": {
        "name": "(anonymous_1)",
        "decl": { "start": { "line": 21, "column": 14 }, "end": { "line": 21, "column": 17 } },
        "loc": { "start": { "line": 21, "column": 19 }, "end": { "line": 24, "column": 1 } }
      },
      "1": {
        "name": "(anonymous_2)",
        "decl": { "start": { "line": 42, "column": 24 }, "end": { "line": 42, "column": 25 } },
        "loc": { "start": { "line": 42, "column": 34 }, "end": { "line": 42, "column": 84 } }
      },
      "2": {
        "name": "(anonymous_3)",
        "decl": { "start": { "line": 81, "column": 9 }, "end": { "line": 81, "column": 10 } },
        "loc": { "start": { "line": 81, "column": 35 }, "end": { "line": 83, "column": 3 } }
      },
      "3": {
        "name": "(anonymous_4)",
        "decl": { "start": { "line": 87, "column": 32 }, "end": { "line": 87, "column": 33 } },
        "loc": { "start": { "line": 87, "column": 42 }, "end": { "line": 90, "column": 1 } }
      }
    },
    "branchMap": {
      "0": {
        "loc": { "start": { "line": 7, "column": 0 }, "end": { "line": 9, "column": 1 } },
        "type": "if",
        "locations": [{ "start": { "line": 7, "column": 0 }, "end": { "line": 9, "column": 1 } }]
      },
      "1": {
        "loc": { "start": { "line": 22, "column": 14 }, "end": { "line": 22, "column": 51 } },
        "type": "binary-expr",
        "locations": [
          { "start": { "line": 22, "column": 14 }, "end": { "line": 22, "column": 34 } },
          { "start": { "line": 22, "column": 38 }, "end": { "line": 22, "column": 51 } }
        ]
      },
      "2": {
        "loc": { "start": { "line": 23, "column": 9 }, "end": { "line": 23, "column": 49 } },
        "type": "cond-expr",
        "locations": [
          { "start": { "line": 23, "column": 33 }, "end": { "line": 23, "column": 40 } },
          { "start": { "line": 23, "column": 43 }, "end": { "line": 23, "column": 49 } }
        ]
      }
    },
    "s": {
      "0": 6,
      "1": 6,
      "2": 6,
      "3": 6,
      "4": 6,
      "5": 0,
      "6": 6,
      "7": 6,
      "8": 6,
      "9": 6,
      "10": 6,
      "11": 6,
      "12": 6,
      "13": 46,
      "14": 6,
      "15": 6,
      "16": 6,
      "17": 20,
      "18": 6,
      "19": 0,
      "20": 0,
      "21": 6
    },
    "f": { "0": 6, "1": 46, "2": 20, "3": 0 },
    "b": { "0": [0], "1": [6, 0], "2": [0, 6] }
  },
  "/Users/davest/Desktop/storefront-api/src/utils/password.utils.ts": {
    "path": "/Users/davest/Desktop/storefront-api/src/utils/password.utils.ts",
    "statementMap": {
      "0": { "start": { "line": 1, "column": 0 }, "end": { "line": 1, "column": 28 } },
      "1": { "start": { "line": 2, "column": 0 }, "end": { "line": 2, "column": 30 } },
      "2": { "start": { "line": 9, "column": 28 }, "end": { "line": 19, "column": 1 } },
      "3": { "start": { "line": 10, "column": 2 }, "end": { "line": 18, "column": 3 } },
      "4": { "start": { "line": 12, "column": 23 }, "end": { "line": 12, "column": 25 } },
      "5": { "start": { "line": 13, "column": 27 }, "end": { "line": 13, "column": 66 } },
      "6": { "start": { "line": 14, "column": 4 }, "end": { "line": 14, "column": 26 } },
      "7": { "start": { "line": 16, "column": 4 }, "end": { "line": 16, "column": 51 } },
      "8": { "start": { "line": 17, "column": 4 }, "end": { "line": 17, "column": 47 } },
      "9": { "start": { "line": 9, "column": 13 }, "end": { "line": 9, "column": 28 } },
      "10": { "start": { "line": 27, "column": 31 }, "end": { "line": 38, "column": 1 } },
      "11": { "start": { "line": 31, "column": 2 }, "end": { "line": 37, "column": 3 } },
      "12": { "start": { "line": 32, "column": 20 }, "end": { "line": 32, "column": 66 } },
      "13": { "start": { "line": 33, "column": 4 }, "end": { "line": 33, "column": 19 } },
      "14": { "start": { "line": 35, "column": 4 }, "end": { "line": 35, "column": 54 } },
      "15": { "start": { "line": 36, "column": 4 }, "end": { "line": 36, "column": 50 } },
      "16": { "start": { "line": 27, "column": 13 }, "end": { "line": 27, "column": 31 } }
    },
    "fnMap": {
      "0": {
        "name": "(anonymous_1)",
        "decl": { "start": { "line": 9, "column": 28 }, "end": { "line": 9, "column": 33 } },
        "loc": { "start": { "line": 9, "column": 72 }, "end": { "line": 19, "column": 1 } }
      },
      "1": {
        "name": "(anonymous_2)",
        "decl": { "start": { "line": 27, "column": 31 }, "end": { "line": 27, "column": 36 } },
        "loc": { "start": { "line": 30, "column": 22 }, "end": { "line": 38, "column": 1 } }
      }
    },
    "branchMap": {},
    "s": {
      "0": 4,
      "1": 4,
      "2": 4,
      "3": 6,
      "4": 6,
      "5": 6,
      "6": 6,
      "7": 0,
      "8": 0,
      "9": 4,
      "10": 4,
      "11": 2,
      "12": 2,
      "13": 2,
      "14": 0,
      "15": 0,
      "16": 4
    },
    "f": { "0": 6, "1": 2 },
    "b": {}
  },
  "/Users/davest/Desktop/storefront-api/src/validations/auth.validation.ts": {
    "path": "/Users/davest/Desktop/storefront-api/src/validations/auth.validation.ts",
    "statementMap": {
      "0": { "start": { "line": 1, "column": 0 }, "end": { "line": 1, "column": 24 } },
      "1": { "start": { "line": 4, "column": 22 }, "end": { "line": 4, "column": 74 } },
      "2": { "start": { "line": 6, "column": 2 }, "end": { "line": 6, "column": 122 } },
      "3": { "start": { "line": 8, "column": 13 }, "end": { "line": 46, "column": 2 } },
      "4": { "start": { "line": 24, "column": 22 }, "end": { "line": 24, "column": 60 } },
      "5": { "start": { "line": 42, "column": 22 }, "end": { "line": 42, "column": 63 } }
    },
    "fnMap": {
      "0": {
        "name": "(anonymous_0)",
        "decl": { "start": { "line": 24, "column": 12 }, "end": { "line": 24, "column": 13 } },
        "loc": { "start": { "line": 24, "column": 22 }, "end": { "line": 24, "column": 60 } }
      },
      "1": {
        "name": "(anonymous_1)",
        "decl": { "start": { "line": 42, "column": 12 }, "end": { "line": 42, "column": 13 } },
        "loc": { "start": { "line": 42, "column": 22 }, "end": { "line": 42, "column": 63 } }
      }
    },
    "branchMap": {},
    "s": { "0": 2, "1": 2, "2": 2, "3": 2, "4": 6, "5": 0 },
    "f": { "0": 6, "1": 0 },
    "b": {}
  }
}
