TN:
SF:src/app.ts
FN:50,(anonymous_10)
FN:59,(anonymous_11)
FN:72,(anonymous_12)
FNF:3
FNH:0
FNDA:0,(anonymous_10)
FNDA:0,(anonymous_11)
FNDA:0,(anonymous_12)
DA:1,2
DA:2,2
DA:3,2
DA:4,2
DA:5,2
DA:6,2
DA:7,2
DA:8,2
DA:11,2
DA:14,2
DA:17,2
DA:20,2
DA:23,2
DA:24,2
DA:25,2
DA:26,2
DA:27,2
DA:30,2
DA:38,2
DA:47,2
DA:50,2
DA:51,0
DA:59,2
DA:60,0
DA:68,2
DA:69,2
DA:72,2
DA:73,0
DA:74,0
DA:81,2
DA:83,2
LF:31
LH:27
BRDA:20,0,0,2
BRDA:20,0,1,0
BRDA:32,1,0,2
BRDA:32,1,1,0
BRF:4
BRH:2
end_of_record
TN:
SF:src/server.ts
FN:13,initializeDatabase
FN:24,startServer
FN:30,(anonymous_3)
FN:38,(anonymous_4)
FN:40,(anonymous_5)
FN:51,(anonymous_6)
FN:53,(anonymous_7)
FN:65,(anonymous_8)
FN:67,(anonymous_9)
FN:81,(anonymous_10)
FNF:10
FNH:0
FNDA:0,initializeDatabase
FNDA:0,startServer
FNDA:0,(anonymous_3)
FNDA:0,(anonymous_4)
FNDA:0,(anonymous_5)
FNDA:0,(anonymous_6)
FNDA:0,(anonymous_7)
FNDA:0,(anonymous_8)
FNDA:0,(anonymous_9)
FNDA:0,(anonymous_10)
DA:1,0
DA:2,0
DA:3,0
DA:4,0
DA:7,0
DA:10,0
DA:14,0
DA:15,0
DA:16,0
DA:18,0
DA:19,0
DA:25,0
DA:27,0
DA:30,0
DA:31,0
DA:34,0
DA:38,0
DA:39,0
DA:40,0
DA:41,0
DA:44,0
DA:45,0
DA:47,0
DA:51,0
DA:52,0
DA:53,0
DA:54,0
DA:57,0
DA:58,0
DA:60,0
DA:65,0
DA:66,0
DA:67,0
DA:68,0
DA:72,0
DA:74,0
DA:75,0
DA:80,0
DA:81,0
DA:82,0
DA:83,0
DA:87,0
LF:42
LH:0
BRDA:10,0,0,0
BRDA:10,0,1,0
BRDA:32,1,0,0
BRDA:32,1,1,0
BRDA:80,2,0,0
BRF:5
BRH:0
end_of_record
TN:
SF:src/config/database.ts
FNF:0
FNH:0
DA:1,3
DA:2,3
DA:3,3
DA:6,3
DA:8,3
DA:34,3
DA:35,3
LF:7
LH:7
BRDA:10,0,0,3
BRDA:10,0,1,0
BRDA:11,1,0,3
BRDA:11,1,1,0
BRDA:12,2,0,3
BRDA:12,2,1,0
BRDA:13,3,0,3
BRDA:13,3,1,0
BRDA:14,4,0,3
BRDA:14,4,1,0
BRDA:19,5,0,0
BRDA:19,5,1,3
BRF:12
BRH:6
end_of_record
TN:
SF:src/config/test-database.ts
FNF:0
FNH:0
DA:1,2
DA:2,2
DA:3,2
DA:4,2
DA:5,2
DA:6,2
DA:7,2
DA:10,2
DA:13,2
DA:25,2
LF:10
LH:10
BRDA:15,0,0,2
BRDA:15,0,1,0
BRDA:16,1,0,2
BRDA:16,1,1,0
BRDA:17,2,0,2
BRDA:17,2,1,0
BRDA:18,3,0,2
BRDA:18,3,1,0
BRDA:19,4,0,2
BRDA:19,4,1,0
BRF:10
BRH:5
end_of_record
TN:
SF:src/controllers/auth.controller.ts
FN:15,(anonymous_1)
FN:38,(anonymous_2)
FN:71,(anonymous_3)
FN:112,(anonymous_4)
FN:129,(anonymous_5)
FN:159,(anonymous_6)
FNF:6
FNH:3
FNDA:6,(anonymous_1)
FNDA:0,(anonymous_2)
FNDA:9,(anonymous_3)
FNDA:0,(anonymous_4)
FNDA:2,(anonymous_5)
FNDA:0,(anonymous_6)
DA:2,3
DA:3,3
DA:4,3
DA:5,3
DA:6,3
DA:7,3
DA:8,3
DA:15,3
DA:16,6
DA:17,6
DA:20,6
DA:21,2
DA:22,1
DA:26,1
DA:27,1
DA:28,1
DA:29,1
DA:32,1
DA:35,1
DA:36,1
DA:37,0
DA:38,0
DA:40,0
DA:44,1
DA:47,1
DA:50,1
DA:53,1
DA:61,4
DA:62,4
DA:71,3
DA:72,9
DA:73,9
DA:76,9
DA:77,0
DA:81,9
DA:83,3
DA:84,2
DA:88,1
DA:91,1
DA:94,1
DA:102,6
DA:103,6
DA:112,3
DA:114,0
DA:115,0
DA:118,0
DA:129,3
DA:134,2
DA:136,2
DA:138,2
DA:139,1
DA:142,1
DA:149,0
DA:150,0
DA:159,3
DA:164,0
DA:165,0
DA:168,0
DA:170,0
DA:171,0
DA:175,0
DA:176,0
DA:180,0
DA:181,0
DA:184,0
DA:187,0
DA:193,0
DA:194,0
LF:68
LH:46
BRDA:21,0,0,1
BRDA:36,1,0,0
BRDA:38,2,0,0
BRDA:38,2,1,0
BRDA:76,3,0,0
BRDA:76,4,0,9
BRDA:76,4,1,9
BRDA:83,5,0,2
BRDA:83,6,0,3
BRDA:83,6,1,2
BRDA:114,7,0,0
BRDA:138,8,0,1
BRDA:170,9,0,0
BRDA:175,10,0,0
BRF:14
BRH:7
end_of_record
TN:
SF:src/controllers/health.controller.ts
FN:10,(anonymous_1)
FNF:1
FNH:0
FNDA:0,(anonymous_1)
DA:2,2
DA:3,2
DA:10,2
DA:11,0
DA:12,0
DA:20,0
DA:21,0
DA:24,0
DA:25,0
DA:27,0
DA:28,0
LF:11
LH:3
BRDA:20,0,0,0
BRF:1
BRH:0
end_of_record
TN:
SF:src/entities/order-product.entity.ts
FN:37,(anonymous_2)
FN:37,(anonymous_3)
FN:41,(anonymous_4)
FN:41,(anonymous_5)
FNF:4
FNH:4
FNDA:2,(anonymous_2)
FNDA:2,(anonymous_3)
FNDA:2,(anonymous_4)
FNDA:2,(anonymous_5)
DA:1,4
DA:11,4
DA:12,4
DA:15,4
DA:17,4
DA:21,4
DA:25,4
DA:28,4
DA:31,4
DA:34,4
DA:37,2
DA:39,4
DA:41,2
DA:43,4
LF:14
LH:14
BRF:0
BRH:0
end_of_record
TN:
SF:src/entities/order.entity.ts
FN:41,(anonymous_2)
FN:41,(anonymous_3)
FN:45,(anonymous_4)
FN:45,(anonymous_5)
FN:48,(anonymous_6)
FN:48,(anonymous_7)
FNF:6
FNH:6
FNDA:2,(anonymous_2)
FNDA:2,(anonymous_3)
FNDA:2,(anonymous_4)
FNDA:2,(anonymous_5)
FNDA:2,(anonymous_6)
FNDA:2,(anonymous_7)
DA:1,4
DA:13,4
DA:14,4
DA:15,4
DA:16,4
DA:19,4
DA:21,4
DA:25,4
DA:32,4
DA:35,4
DA:38,4
DA:41,2
DA:43,4
DA:45,2
DA:46,4
DA:48,2
DA:49,4
LF:17
LH:17
BRF:0
BRH:0
end_of_record
TN:
SF:src/entities/payment.entity.ts
FN:47,(anonymous_2)
FN:47,(anonymous_3)
FNF:2
FNH:2
FNDA:2,(anonymous_2)
FNDA:2,(anonymous_3)
DA:1,4
DA:10,4
DA:11,4
DA:14,4
DA:16,4
DA:19,4
DA:22,4
DA:28,4
DA:35,4
DA:38,4
DA:41,4
DA:44,4
DA:47,2
DA:49,4
LF:14
LH:14
BRF:0
BRH:0
end_of_record
TN:
SF:src/entities/product.entity.ts
FN:61,(anonymous_2)
FN:69,(anonymous_3)
FN:56,(anonymous_4)
FN:56,(anonymous_5)
FNF:4
FNH:2
FNDA:0,(anonymous_2)
FNDA:0,(anonymous_3)
FNDA:2,(anonymous_4)
FNDA:2,(anonymous_5)
DA:1,4
DA:12,4
DA:13,4
DA:16,4
DA:18,4
DA:21,4
DA:24,4
DA:31,4
DA:34,4
DA:37,4
DA:40,4
DA:43,4
DA:46,4
DA:49,4
DA:53,4
DA:56,2
DA:57,4
DA:61,4
DA:62,0
DA:63,0
DA:64,0
DA:69,4
DA:70,0
LF:23
LH:19
BRF:0
BRH:0
end_of_record
TN:
SF:src/entities/user.entity.ts
FN:37,(anonymous_2)
FN:37,(anonymous_3)
FNF:2
FNH:2
FNDA:2,(anonymous_2)
FNDA:2,(anonymous_3)
DA:1,4
DA:10,4
DA:13,4
DA:15,4
DA:18,4
DA:21,4
DA:25,4
DA:28,4
DA:31,4
DA:34,4
DA:37,2
DA:38,4
LF:12
LH:12
BRF:0
BRH:0
end_of_record
TN:
SF:src/middleware/auth.middleware.ts
FN:16,(anonymous_1)
FN:70,hasRole
FN:77,(anonymous_3)
FN:78,(anonymous_4)
FNF:4
FNH:1
FNDA:8,(anonymous_1)
FNDA:0,hasRole
FNDA:0,(anonymous_3)
FNDA:0,(anonymous_4)
DA:2,2
DA:3,2
DA:4,2
DA:5,2
DA:16,2
DA:21,8
DA:25,8
DA:26,5
DA:27,3
DA:29,0
DA:32,8
DA:33,3
DA:37,5
DA:38,5
DA:41,0
DA:42,0
DA:44,0
DA:45,0
DA:49,0
DA:50,0
DA:52,5
DA:53,5
DA:56,0
DA:71,0
DA:77,2
DA:78,0
DA:80,0
DA:81,0
DA:85,0
DA:86,0
DA:90,0
DA:91,0
DA:94,0
LF:33
LH:16
BRDA:25,0,0,5
BRDA:25,0,1,3
BRDA:25,1,0,8
BRDA:25,1,1,5
BRDA:27,2,0,0
BRDA:32,3,0,3
BRDA:41,4,0,0
BRDA:41,4,1,0
BRDA:44,5,0,0
BRDA:71,6,0,0
BRDA:71,6,1,0
BRDA:80,7,0,0
BRDA:85,8,0,0
BRDA:90,9,0,0
BRF:14
BRH:5
end_of_record
TN:
SF:src/middleware/error.middleware.ts
FN:12,(anonymous_1)
FN:26,(anonymous_2)
FN:38,(anonymous_3)
FN:77,isDatabaseError
FN:84,isValidationError
FN:91,(anonymous_6)
FN:143,(anonymous_7)
FNF:7
FNH:5
FNDA:24,(anonymous_1)
FNDA:0,(anonymous_2)
FNDA:20,(anonymous_3)
FNDA:40,isDatabaseError
FNDA:20,isValidationError
FNDA:20,(anonymous_6)
FNDA:0,(anonymous_7)
DA:2,3
DA:7,3
DA:13,24
DA:14,24
DA:15,24
DA:16,24
DA:19,24
DA:26,3
DA:27,0
DA:38,3
DA:40,20
DA:41,20
DA:48,0
DA:51,0
DA:78,40
DA:85,20
DA:91,3
DA:94,20
DA:95,10
DA:97,10
DA:101,20
DA:105,20
DA:106,20
DA:110,20
DA:111,0
DA:116,20
DA:117,0
DA:118,0
DA:119,0
DA:123,20
DA:124,0
DA:125,0
DA:126,0
DA:130,20
DA:131,0
DA:132,0
DA:136,20
DA:137,0
DA:138,0
DA:142,20
DA:143,0
DA:144,0
DA:145,0
DA:148,20
DA:152,3
LF:45
LH:28
BRDA:15,0,0,14
BRDA:15,0,1,10
BRDA:40,1,0,20
BRDA:40,1,1,0
BRDA:85,2,0,20
BRDA:85,2,1,0
BRDA:94,3,0,10
BRDA:94,3,1,10
BRDA:97,4,0,10
BRDA:97,4,1,0
BRDA:105,5,0,20
BRDA:110,6,0,0
BRDA:110,6,1,20
BRDA:116,7,0,0
BRDA:116,8,0,20
BRDA:116,8,1,0
BRDA:116,8,2,0
BRDA:123,9,0,0
BRDA:123,10,0,20
BRDA:123,10,1,0
BRDA:124,11,0,0
BRDA:124,11,1,0
BRDA:130,12,0,0
BRDA:136,13,0,0
BRDA:142,14,0,0
BRF:25
BRH:11
end_of_record
TN:
SF:src/middleware/validation.middleware.ts
FN:9,(anonymous_0)
FN:10,(anonymous_1)
FN:17,(anonymous_2)
FNF:3
FNH:3
FNDA:6,(anonymous_0)
FNDA:12,(anonymous_1)
FNDA:2,(anonymous_2)
DA:3,2
DA:9,2
DA:10,6
DA:11,12
DA:13,12
DA:15,12
DA:16,2
DA:17,2
DA:20,2
DA:24,10
DA:25,10
DA:27,0
LF:12
LH:11
BRDA:15,0,0,2
BRF:1
BRH:1
end_of_record
TN:
SF:src/repositories/order.repository.ts
FN:7,(anonymous_1)
FN:11,(anonymous_2)
FN:21,(anonymous_3)
FN:32,(anonymous_4)
FNF:4
FNH:0
FNDA:0,(anonymous_1)
FNDA:0,(anonymous_2)
FNDA:0,(anonymous_3)
FNDA:0,(anonymous_4)
DA:1,0
DA:2,0
DA:3,0
DA:4,0
DA:6,0
DA:8,0
DA:12,0
DA:22,0
DA:33,0
DA:41,0
LF:10
LH:0
BRF:0
BRH:0
end_of_record
TN:
SF:src/repositories/payment.repository.ts
FN:7,(anonymous_1)
FN:11,(anonymous_2)
FN:18,(anonymous_3)
FN:24,(anonymous_4)
FN:32,(anonymous_5)
FNF:5
FNH:0
FNDA:0,(anonymous_1)
FNDA:0,(anonymous_2)
FNDA:0,(anonymous_3)
FNDA:0,(anonymous_4)
FNDA:0,(anonymous_5)
DA:1,0
DA:2,0
DA:4,0
DA:6,0
DA:8,0
DA:12,0
DA:19,0
DA:25,0
DA:33,0
DA:42,0
LF:10
LH:0
BRF:0
BRH:0
end_of_record
TN:
SF:src/repositories/product.repository.ts
FN:7,(anonymous_1)
FN:11,(anonymous_2)
FN:18,(anonymous_3)
FN:28,(anonymous_4)
FNF:4
FNH:0
FNDA:0,(anonymous_1)
FNDA:0,(anonymous_2)
FNDA:0,(anonymous_3)
FNDA:0,(anonymous_4)
DA:1,0
DA:2,0
DA:4,0
DA:6,0
DA:8,0
DA:12,0
DA:20,0
DA:25,0
DA:26,0
DA:28,0
DA:33,0
LF:11
LH:0
BRF:0
BRH:0
end_of_record
TN:
SF:src/repositories/user.repository.ts
FN:6,(anonymous_1)
FN:10,(anonymous_2)
FN:14,(anonymous_3)
FNF:3
FNH:3
FNDA:3,(anonymous_1)
FNDA:4,(anonymous_2)
FNDA:6,(anonymous_3)
DA:1,3
DA:2,3
DA:3,3
DA:5,3
DA:7,3
DA:11,4
DA:15,6
DA:23,3
LF:8
LH:8
BRF:0
BRH:0
end_of_record
TN:
SF:src/routes/auth.routes.ts
FNF:0
FNH:0
DA:1,2
DA:2,2
DA:9,2
DA:10,2
DA:11,2
DA:13,2
DA:20,2
DA:27,2
DA:34,2
DA:41,2
DA:48,2
DA:55,2
LF:12
LH:12
BRF:0
BRH:0
end_of_record
TN:
SF:src/routes/health.routes.ts
FNF:0
FNH:0
DA:1,2
DA:2,2
DA:4,2
DA:11,2
DA:13,2
LF:5
LH:5
BRF:0
BRH:0
end_of_record
TN:
SF:src/routes/index.ts
FNF:0
FNH:0
DA:1,2
DA:2,2
DA:3,2
DA:6,2
DA:9,2
DA:10,2
DA:13,2
LF:7
LH:7
BRF:0
BRH:0
end_of_record
TN:
SF:src/types/enums.ts
FN:1,(anonymous_0)
FN:6,(anonymous_1)
FN:12,(anonymous_2)
FN:17,(anonymous_3)
FNF:4
FNH:4
FNDA:4,(anonymous_0)
FNDA:4,(anonymous_1)
FNDA:4,(anonymous_2)
FNDA:4,(anonymous_3)
DA:1,4
DA:2,4
DA:3,4
DA:6,4
DA:7,4
DA:8,4
DA:9,4
DA:12,4
DA:13,4
DA:14,4
DA:17,4
DA:18,4
DA:19,4
DA:20,4
LF:14
LH:14
BRDA:1,0,0,4
BRDA:1,0,1,4
BRDA:6,1,0,4
BRDA:6,1,1,4
BRDA:12,2,0,4
BRDA:12,2,1,4
BRDA:17,3,0,4
BRDA:17,3,1,4
BRF:8
BRH:8
end_of_record
TN:
SF:src/utils/database.ts
FN:7,(anonymous_1)
FN:22,(anonymous_2)
FN:37,(anonymous_3)
FNF:3
FNH:0
FNDA:0,(anonymous_1)
FNDA:0,(anonymous_2)
FNDA:0,(anonymous_3)
DA:1,0
DA:2,0
DA:7,0
DA:8,0
DA:9,0
DA:10,0
DA:11,0
DA:14,0
DA:15,0
DA:22,0
DA:23,0
DA:24,0
DA:25,0
DA:26,0
DA:29,0
DA:30,0
DA:37,0
DA:38,0
DA:39,0
DA:43,0
DA:46,0
LF:21
LH:0
BRDA:9,0,0,0
BRDA:24,1,0,0
BRDA:38,2,0,0
BRF:3
BRH:0
end_of_record
TN:
SF:src/utils/jwt.utils.ts
FN:10,(anonymous_1)
FN:41,(anonymous_2)
FNF:2
FNH:0
FNDA:0,(anonymous_1)
FNDA:0,(anonymous_2)
DA:1,3
DA:3,3
DA:10,3
DA:11,0
DA:13,0
DA:14,0
DA:15,0
DA:19,0
DA:25,0
DA:29,0
DA:31,0
DA:32,0
DA:41,3
DA:42,0
DA:44,0
DA:45,0
DA:46,0
DA:50,0
DA:51,0
DA:53,0
DA:54,0
LF:21
LH:4
BRDA:14,0,0,0
BRDA:26,1,0,0
BRDA:26,1,1,0
BRDA:45,2,0,0
BRF:4
BRH:0
end_of_record
TN:
SF:src/utils/logger.ts
FN:21,(anonymous_1)
FN:42,(anonymous_2)
FN:81,(anonymous_3)
FN:87,(anonymous_4)
FNF:4
FNH:3
FNDA:6,(anonymous_1)
FNDA:46,(anonymous_2)
FNDA:20,(anonymous_3)
FNDA:0,(anonymous_4)
DA:1,6
DA:2,6
DA:3,6
DA:6,6
DA:7,6
DA:8,0
DA:12,6
DA:21,6
DA:22,6
DA:23,6
DA:27,6
DA:36,6
DA:39,6
DA:42,46
DA:46,6
DA:52,6
DA:80,6
DA:82,20
DA:87,6
DA:88,0
DA:89,0
DA:92,6
LF:22
LH:19
BRDA:7,0,0,0
BRDA:22,1,0,6
BRDA:22,1,1,0
BRDA:23,2,0,0
BRDA:23,2,1,6
BRF:5
BRH:2
end_of_record
TN:
SF:src/utils/password.utils.ts
FN:9,(anonymous_1)
FN:27,(anonymous_2)
FNF:2
FNH:2
FNDA:6,(anonymous_1)
FNDA:2,(anonymous_2)
DA:1,4
DA:2,4
DA:9,4
DA:10,6
DA:12,6
DA:13,6
DA:14,6
DA:16,0
DA:17,0
DA:27,4
DA:31,2
DA:32,2
DA:33,2
DA:35,0
DA:36,0
LF:15
LH:11
BRF:0
BRH:0
end_of_record
TN:
SF:src/validations/auth.validation.ts
FN:24,(anonymous_0)
FN:42,(anonymous_1)
FNF:2
FNH:1
FNDA:6,(anonymous_0)
FNDA:0,(anonymous_1)
DA:1,2
DA:4,2
DA:6,2
DA:8,2
DA:24,6
DA:42,0
LF:6
LH:5
BRF:0
BRH:0
end_of_record
